#
# There is insufficient memory for the Java Runtime Environment to continue.
# Native memory allocation (mmap) failed to map 266338304 bytes for G1 virtual space
# Possible reasons:
#   The system is out of physical RAM or swap space
#   The process is running with CompressedOops enabled, and the Java Heap may be blocking the growth of the native heap
# Possible solutions:
#   Reduce memory load on the system
#   Increase physical memory or swap space
#   Check if swap backing store is full
#   Decrease Java heap size (-Xmx/-Xms)
#   Decrease number of Java threads
#   Decrease Java thread stack sizes (-Xss)
#   Set larger code cache with -XX:ReservedCodeCacheSize=
#   JVM is running with Zero Based Compressed Oops mode in which the Java heap is
#     placed in the first 32GB address space. The Java Heap base address is the
#     maximum limit for the native heap growth. Please use -XX:HeapBaseMinAddress
#     to set the Java Heap base and to place the Java Heap above 32GB virtual address.
# This output file may be truncated or incomplete.
#
#  Out of Memory Error (os_windows.cpp:3536), pid=41964, tid=42224
#
# JRE version:  (19.0.2+7) (build )
# Java VM: Java HotSpot(TM) 64-Bit Server VM (19.0.2+7-44, mixed mode, sharing, tiered, compressed oops, compressed class ptrs, g1 gc, windows-amd64)
# No core dump will be written. Minidumps are not enabled by default on client versions of Windows
#

---------------  S U M M A R Y ------------

Command Line: -XX:+ShowCodeDetailsInExceptionMessages -agentlib:jdwp=transport=dt_socket,suspend=y,address=localhost:54845 -javaagent:C:\Users\chait\eclipse\java-2021-06\eclipse\configuration\org.eclipse.osgi\222\0\.cp\lib\javaagent-shaded.jar -Dfile.encoding=UTF-8 com.arraybasedprograms.ArrayIntialize

Host: Intel(R) Core(TM) i7-8565U CPU @ 1.80GHz, 8 cores, 15G,  Windows 11 , 64 bit Build 22621 (10.0.22621.1635)
Time: Tue Jun 13 08:51:42 2023 India Standard Time elapsed time: 4.615052 seconds (0d 0h 0m 4s)

---------------  T H R E A D  ---------------

Current thread (0x000001dee1fbe7c0):  JavaThread "Unknown thread" [_thread_in_vm, id=42224, stack(0x000000d832f00000,0x000000d833000000)]

Stack: [0x000000d832f00000,0x000000d833000000]
Native frames: (J=compiled Java code, j=interpreted, Vv=VM code, C=native code)
V  [jvm.dll+0x6ee21a]
V  [jvm.dll+0x85765e]
V  [jvm.dll+0x85904e]
V  [jvm.dll+0x859703]
V  [jvm.dll+0x28298f]
V  [jvm.dll+0x6eb009]
V  [jvm.dll+0x6dfbaa]
V  [jvm.dll+0x3573f6]
V  [jvm.dll+0x35ee56]
V  [jvm.dll+0x3b541e]
V  [jvm.dll+0x3b564f]
V  [jvm.dll+0x32c9ea]
V  [jvm.dll+0x32d89e]
V  [jvm.dll+0x821780]
V  [jvm.dll+0x3c2661]
V  [jvm.dll+0x801f51]
V  [jvm.dll+0x44ae8f]
V  [jvm.dll+0x44c811]
C  [jli.dll+0x5287]
C  [ucrtbase.dll+0x29363]
C  [KERNEL32.DLL+0x126ad]
C  [ntdll.dll+0x5a9f8]


---------------  P R O C E S S  ---------------

Threads class SMR info:
_java_thread_list=0x00007ffaff7fd048, length=0, elements={
}

Java Threads: ( => current thread )

Other Threads:
  0x000001dee202f080 WorkerThread "GC Thread#0" [stack: 0x000000d833000000,0x000000d833100000] [id=43320]
  0x000001dee203fce0 ConcurrentGCThread "G1 Main Marker" [stack: 0x000000d833100000,0x000000d833200000] [id=43324]
  0x000001dee2041720 WorkerThread "G1 Conc#0" [stack: 0x000000d833200000,0x000000d833300000] [id=43328]

[error occurred during error reporting (printing all threads), id 0xc0000005, EXCEPTION_ACCESS_VIOLATION (0xc0000005) at pc=0x00007ffafefbd427]

VM state: not at safepoint (not fully initialized)

VM Mutex/Monitor currently owned by a thread:  ([mutex/lock_event])
[0x000001dee1fba790] Heap_lock - owner thread: 0x000001dee1fbe7c0

Heap address: 0x0000000703000000, size: 4048 MB, Compressed Oops mode: Zero based, Oop shift amount: 3

CDS archive(s) mapped at: [0x0000000000000000-0x0000000000000000-0x0000000000000000), size 0, SharedBaseAddress: 0x0000000800000000, ArchiveRelocationMode: 0.
Narrow klass base: 0x0000000000000000, Narrow klass shift: 0, Narrow klass range: 0x0

GC Precious Log:
 CardTable entry size: 512
 Card Set container configuration: InlinePtr #cards 4 size 8 Array Of Cards #cards 16 size 48 Howl #buckets 8 coarsen threshold 3686 Howl Bitmap #cards 512 size 80 coarsen threshold 460 Card regions per heap region 1 cards per card region 4096

Heap:
 garbage-first heap   total 0K, used 0K [0x0000000703000000, 0x0000000800000000)
  region size 2048K, 0 young (0K), 0 survivors (0K)

[error occurred during error reporting (printing heap information), id 0xc0000005, EXCEPTION_ACCESS_VIOLATION (0xc0000005) at pc=0x00007ffaff3c6649]

GC Heap History (0 events):
No events

Dll operation events (1 events):
Event: 0.652 Loaded shared library C:\Program Files\Java\jdk-19\bin\java.dll

Deoptimization events (0 events):
No events

Classes loaded (0 events):
No events

Classes unloaded (0 events):
No events

Classes redefined (0 events):
No events

Internal exceptions (0 events):
No events

VM Operations (0 events):
No events

Events (0 events):
No events


Dynamic libraries:
0x00007ff639110000 - 0x00007ff639120000 	C:\Program Files\Java\jdk-19\bin\javaw.exe
0x00007ffb59610000 - 0x00007ffb59824000 	C:\WINDOWS\SYSTEM32\ntdll.dll
0x00007ffb58470000 - 0x00007ffb58532000 	C:\WINDOWS\System32\KERNEL32.DLL
0x00007ffb56c70000 - 0x00007ffb57013000 	C:\WINDOWS\System32\KERNELBASE.dll
0x00007ffb57250000 - 0x00007ffb57361000 	C:\WINDOWS\System32\ucrtbase.dll
0x00007ffb41df0000 - 0x00007ffb41e08000 	C:\Program Files\Java\jdk-19\bin\jli.dll
0x00007ffb57600000 - 0x00007ffb576ae000 	C:\WINDOWS\System32\ADVAPI32.dll
0x00007ffb58dc0000 - 0x00007ffb58e67000 	C:\WINDOWS\System32\msvcrt.dll
0x00007ffb57ba0000 - 0x00007ffb57c44000 	C:\WINDOWS\System32\sechost.dll
0x00007ffb57430000 - 0x00007ffb57547000 	C:\WINDOWS\System32\RPCRT4.dll
0x00007ffb57900000 - 0x00007ffb57aab000 	C:\WINDOWS\System32\USER32.dll
0x00007ffb56c40000 - 0x00007ffb56c66000 	C:\WINDOWS\System32\win32u.dll
0x00007ffb41dd0000 - 0x00007ffb41deb000 	C:\Program Files\Java\jdk-19\bin\VCRUNTIME140.dll
0x00007ffb576b0000 - 0x00007ffb576d9000 	C:\WINDOWS\System32\GDI32.dll
0x00007ffb56b20000 - 0x00007ffb56c38000 	C:\WINDOWS\System32\gdi32full.dll
0x00007ffb57370000 - 0x00007ffb5740a000 	C:\WINDOWS\System32\msvcp_win.dll
0x00007ffb25db0000 - 0x00007ffb2603e000 	C:\WINDOWS\WinSxS\amd64_microsoft.windows.common-controls_6595b64144ccf1df_6.0.22621.1635_none_270f70857386168e\COMCTL32.dll
0x00007ffb48670000 - 0x00007ffb4867a000 	C:\WINDOWS\SYSTEM32\VERSION.dll
0x00007ffb59590000 - 0x00007ffb595c1000 	C:\WINDOWS\System32\IMM32.DLL
0x00007ffb41b40000 - 0x00007ffb41b4c000 	C:\Program Files\Java\jdk-19\bin\vcruntime140_1.dll
0x00007ffb0e6f0000 - 0x00007ffb0e77e000 	C:\Program Files\Java\jdk-19\bin\msvcp140.dll
0x00007ffafec80000 - 0x00007ffaff940000 	C:\Program Files\Java\jdk-19\bin\server\jvm.dll
0x00007ffb349d0000 - 0x00007ffb349d9000 	C:\WINDOWS\SYSTEM32\WSOCK32.dll
0x00007ffb58540000 - 0x00007ffb585b1000 	C:\WINDOWS\System32\WS2_32.dll
0x00007ffb4ce90000 - 0x00007ffb4cec4000 	C:\WINDOWS\SYSTEM32\WINMM.dll
0x00007ffb55a80000 - 0x00007ffb55a98000 	C:\WINDOWS\SYSTEM32\kernel.appcore.dll
0x00007ffb41a40000 - 0x00007ffb41a4a000 	C:\Program Files\Java\jdk-19\bin\jimage.dll
0x00007ffb54400000 - 0x00007ffb5462e000 	C:\WINDOWS\SYSTEM32\DBGHELP.DLL
0x00007ffb59100000 - 0x00007ffb59489000 	C:\WINDOWS\System32\combase.dll
0x00007ffb57cb0000 - 0x00007ffb57d87000 	C:\WINDOWS\System32\OLEAUT32.dll
0x00007ffb37d80000 - 0x00007ffb37db2000 	C:\WINDOWS\SYSTEM32\dbgcore.DLL
0x00007ffb56aa0000 - 0x00007ffb56b1b000 	C:\WINDOWS\System32\bcryptPrimitives.dll
0x00007ffb40780000 - 0x00007ffb407bc000 	C:\Program Files\Java\jdk-19\bin\jdwp.dll
0x00007ffb41a30000 - 0x00007ffb41a3e000 	C:\Program Files\Java\jdk-19\bin\instrument.dll
0x00007ffb40750000 - 0x00007ffb40776000 	C:\Program Files\Java\jdk-19\bin\java.dll

dbghelp: loaded successfully - version: 4.0.5 - missing functions: none
symbol engine: initialized successfully - sym options: 0x614 - pdb path: .;C:\Program Files\Java\jdk-19\bin;C:\WINDOWS\SYSTEM32;C:\WINDOWS\WinSxS\amd64_microsoft.windows.common-controls_6595b64144ccf1df_6.0.22621.1635_none_270f70857386168e;C:\Program Files\Java\jdk-19\bin\server

VM Arguments:
jvm_args: -XX:+ShowCodeDetailsInExceptionMessages -agentlib:jdwp=transport=dt_socket,suspend=y,address=localhost:54845 -javaagent:C:\Users\chait\eclipse\java-2021-06\eclipse\configuration\org.eclipse.osgi\222\0\.cp\lib\javaagent-shaded.jar -Dfile.encoding=UTF-8 
java_command: com.arraybasedprograms.ArrayIntialize
java_class_path (initial): C:\Users\chait\eclipse-workspace\MyWorkspace\SampleProject\target\classes;C:\Users\chait\.p2\pool\plugins\org.testng_7.4.0.r202105021533.jar;C:\Users\chait\.p2\pool\plugins\com.beust.jcommander_1.78.0.jar;C:\Users\chait\.p2\pool\plugins\org.apache-extras.beanshell.bsh_2.0.0.b6.jar;C:\Users\chait\.p2\pool\plugins\org.yaml.snakeyaml_1.21.0.jar;C:\Users\chait\.p2\pool\plugins\org.webjars.jquery_3.5.1.jar;C:\Java-Selenium\poi-5.0.0\lib\commons-codec-1.15.jar;C:\Java-Selenium\poi-5.0.0\lib\commons-collections4-4.4.jar;C:\Java-Selenium\poi-5.0.0\lib\commons-math3-3.6.1.jar;C:\Java-Selenium\poi-5.0.0\lib\SparseBitSet-1.2.jar;C:\Java-Selenium\poi-5.0.0\poi-5.0.0.jar;C:\Java-Selenium\poi-5.0.0\poi-examples-5.0.0.jar;C:\Java-Selenium\poi-5.0.0\poi-excelant-5.0.0.jar;C:\Java-Selenium\poi-5.0.0\poi-integration-5.0.0.jar;C:\Java-Selenium\poi-5.0.0\poi-ooxml-5.0.0.jar;C:\Java-Selenium\poi-5.0.0\poi-ooxml-full-5.0.0.jar;C:\Java-Selenium\poi-5.0.0\poi-ooxml-lite-5.0.0.jar;C:\Java-Selenium\poi-5.0.0\poi-scratchpad-5.0.0.jar;C:\Java-Selenium\poi-5.0.0\ooxml-lib\commons-compress-1.20.jar;C:\Java-Selenium\poi-5.0.0\ooxml-lib\curvesapi-1.06.jar;C:\Java-Selenium\poi-5.0.0\ooxml-lib\xmlbeans-4.0.0.jar;C:\Users\chait\.m2\repository\org\seleniumhq\selenium\selenium-java\2.53.0\selenium-java-2.53.0.jar;C:\Users\chait\.m2\repository\org\seleniumhq\selenium\selenium-edge-driver\2.53.0\selenium-edge-driver-2.53.0.jar;C:\Users\chait\.m2\repository\org\seleniumhq\selenium\selenium-safari-driver\2.53.0\selenium-safari-driver-2.53.0.jar;C:\Users\chait\.m2\repository\io\netty\netty\3.5.7.Final\netty-3.5.7.Final.jar;C:\Users\chait\.m2\repository\org\seleniumhq\selenium\selenium-support\2.53.0\selenium-support-2.53.0.jar;C:\Users\chait\.m2\repository\org\seleniumhq\selenium\selenium-leg-rc\2.53.0\selenium-leg-rc-2.53.0.jar;C:\Users\chait\.m2\repository\org\seleniumhq\selenium\selenium-firefox-driver\2.53.0\selenium-firefox-driver-2.53.0.jar;C:\Users\chait\.m2\repository\org\seleniumhq\selenium\selenium-remote-driver\2.53.0\selenium-remote-driver-2.53.0.jar;C:\Users\chait\.m2\repository\cglib\cglib-nodep\2.1_3\cglib-nodep-2.1_3.jar;C:\Users\chait\.m2\repository\com\google\code\gson\gson\2.3.1\gson-2.3.1.jar;C:\Users\chait\.m2\repository\org\seleniumhq\selenium\selenium-api\2.53.0\selenium-api-2.53.0.jar;C:\Users\chait\.m2\repository\com\google\guava\guava\19.0\guava-19.0.jar;C:\Users\chait\.m2\repository\commons-io\commons-io\2.4\commons-io-2.4.jar;C:\Users\chait\.m2\repository\org\apache\commons\commons-exec\1.3\commons-exec-1.3.jar;C:\Users\chait\.m2\repository\org\seleniumhq\selenium\selenium-ie-driver\2.53.0\selenium-ie-driver-2.53.0.jar;C:\Users\chait\.m2\repository\net\java\dev\jna\jna\4.1.0\jna-4.1.0.jar;C:\Users\chait\.m2\repository\net\java\dev\jna\jna-platform\4.1.0\jna-platform-4.1.0.jar;C:\Users\chait\.m2\repository\org\seleniumhq\selenium\selenium-chrome-driver\2.53.0\selenium-chrome-driver-2.53.0.jar;C:\Users\chait\.m2\repository\xml-apis\xml-apis\1.4.01\xml-apis-1.4.01.jar;C:\Users\chait\.m2\repository\io\rest-assured\rest-assured\4.4.0\rest-assured-4.4.0.jar;C:\Users\chait\.m2\repository\org\codehaus\groovy\groovy\3.0.8\groovy-3.0.8.jar;C:\Users\chait\.m2\repository\org\codehaus\groovy\groovy-xml\3.0.8\groovy-xml-3.0.8.jar;C:\Users\chait\.m2\repository\org\apache\httpcomponents\httpclient\4.5.13\httpclient-4.5.13.jar;C:\Users\chait\.m2\repository\org\apache\httpcomponents\httpcore\4.4.13\httpcore-4.4.13.jar;C:\Users\chait\.m2\repository\commons-logging\commons-logging\1.2\commons-logging-1.2.jar;C:\Users\chait\.m2\repository\commons-codec\commons-codec\1.11\commons-codec-1.11.jar;C:\Users\chait\.m2\repository\org\apache\httpcomponents\httpmime\4.5.13\httpmime-4.5.13.jar;C:\Users\chait\.m2\repository\org\hamcrest\hamcrest\2.1\hamcrest-2.1.jar;C:\Users\chait\.m2\repository\org\ccil\cowan\tagsoup\tagsoup\1.2.1\tagsoup-1.2.1.jar;C:\Users\chait\.m2\repository\io\rest-assured\json-path\4.4.0\json-path-4.4.0.jar;C:\Users\chait\.m2\repository\org\codehaus\groovy\groovy-json\3.0.8\groovy-json-3.0.8.jar;C:\Users\chait\.m2\repository\io\rest-assured\rest-assured-common\4.4.0\rest-assured-common-4.4.0.jar;C:\Users\chait\.m2\repository\io\rest-assured\xml-path\4.4.0\xml-path-4.4.0.jar;C:\Users\chait\.m2\repository\org\apache\commons\commons-lang3\3.11\commons-lang3-3.11.jar;C:\Users\chait\.m2\repository\jakarta\xml\bind\jakarta.xml.bind-api\2.3.3\jakarta.xml.bind-api-2.3.3.jar;C:\Users\chait\.m2\repository\jakarta\activation\jakarta.activation-api\1.2.2\jakarta.activation-api-1.2.2.jar;C:\Users\chait\.m2\repository\com\sun\xml\bind\jaxb-impl\2.3.3\jaxb-impl-2.3.3.jar
Launcher Type: SUN_STANDARD

[Global flags]
     intx CICompilerCount                          = 4                                         {product} {ergonomic}
     uint ConcGCThreads                            = 2                                         {product} {ergonomic}
     uint G1ConcRefinementThreads                  = 8                                         {product} {ergonomic}
   size_t G1HeapRegionSize                         = 2097152                                   {product} {ergonomic}
    uintx GCDrainStackTargetSize                   = 64                                        {product} {ergonomic}
   size_t InitialHeapSize                          = 266338304                                 {product} {ergonomic}
   size_t MarkStackSize                            = 4194304                                   {product} {ergonomic}
   size_t MaxHeapSize                              = 4244635648                                {product} {ergonomic}
   size_t MinHeapDeltaBytes                        = 2097152                                   {product} {ergonomic}
   size_t MinHeapSize                              = 8388608                                   {product} {ergonomic}
    uintx NonNMethodCodeHeapSize                   = 5839372                                {pd product} {ergonomic}
    uintx NonProfiledCodeHeapSize                  = 122909434                              {pd product} {ergonomic}
    uintx ProfiledCodeHeapSize                     = 122909434                              {pd product} {ergonomic}
    uintx ReservedCodeCacheSize                    = 251658240                              {pd product} {ergonomic}
     bool SegmentedCodeCache                       = true                                      {product} {ergonomic}
     bool ShowCodeDetailsInExceptionMessages       = true                                   {manageable} {command line}
   size_t SoftMaxHeapSize                          = 4244635648                             {manageable} {ergonomic}
     bool UseCompressedClassPointers               = true                           {product lp64_product} {ergonomic}
     bool UseCompressedOops                        = true                           {product lp64_product} {ergonomic}
     bool UseG1GC                                  = true                                      {product} {ergonomic}
     bool UseLargePagesIndividualAllocation        = false                                  {pd product} {ergonomic}

Logging:
Log output configuration:
 #0: stdout all=warning uptime,level,tags foldmultilines=false
 #1: stderr all=off uptime,level,tags foldmultilines=false

Environment Variables:
JAVA_HOME=C:\Program Files\Java\jdk-20
PATH=C:\Program Files\Common Files\Oracle\Java\javapath;C:\Program Files (x86)\Intel\Intel(R) Management Engine Components\iCLS\;C:\Program Files\Intel\Intel(R) Management Engine Components\iCLS\;C:\WINDOWS\system32;C:\WINDOWS;C:\WINDOWS\System32\Wbem;C:\WINDOWS\System32\WindowsPowerShell\v1.0\;C:\WINDOWS\System32\OpenSSH\;C:\Program Files\Intel\WiFi\bin\;C:\Program Files\Common Files\Intel\WirelessCommon\;C:\Program Files\Microsoft SQL Server\130\Tools\Binn\;C:\Program Files\Microsoft SQL Server\Client SDK\ODBC\170\Tools\Binn\;C:\Program Files\Git\cmd;C:\Program Files\apache-maven-3.8.4\lib;C:\Program Files\apache-maven-3.9.2\bin;C:\Program Files\dotnet\;C:\Program Files\Java\jdk-20\bin;C:\Users\chait\AppData\Local\Microsoft\WindowsApps;;C:\Users\chait\AppData\Local\Programs\Microsoft VS Code\bin;C:\Users\chait\.dotnet\tools
USERNAME=chait
OS=Windows_NT
PROCESSOR_IDENTIFIER=Intel64 Family 6 Model 142 Stepping 11, GenuineIntel
TMP=C:\Users\chait\AppData\Local\Temp
TEMP=C:\Users\chait\AppData\Local\Temp



---------------  S Y S T E M  ---------------

OS:
 Windows 11 , 64 bit Build 22621 (10.0.22621.1635)
OS uptime: 6 days 12:55 hours

CPU: total 8 (initial active 8) (4 cores per cpu, 2 threads per core) family 6 model 142 stepping 11 microcode 0xde, cx8, cmov, fxsr, ht, mmx, 3dnowpref, sse, sse2, sse3, ssse3, sse4.1, sse4.2, popcnt, lzcnt, tsc, tscinvbit, avx, avx2, aes, erms, clmul, bmi1, bmi2, adx, fma, vzeroupper, clflush, clflushopt, rdtscp

Memory: 4k page, system-wide physical 16191M (2098M free)
TotalPageFile size 62502M (AvailPageFile size 5M)
current process WorkingSet (physical memory assigned to process): 11M, peak: 11M
current process commit charge ("private bytes"): 60M, peak: 314M

vm_info: Java HotSpot(TM) 64-Bit Server VM (19.0.2+7-44) for windows-amd64 JRE (19.0.2+7-44), built on 2022-11-30T18:02:09Z by "mach5one" with MS VC++ 17.1 (VS2022)

END.
