#
# There is insufficient memory for the Java Runtime Environment to continue.
# Native memory allocation (mmap) failed to map 65536 bytes for Failed to commit metaspace.
# Possible reasons:
#   The system is out of physical RAM or swap space
#   The process is running with CompressedOops enabled, and the Java Heap may be blocking the growth of the native heap
# Possible solutions:
#   Reduce memory load on the system
#   Increase physical memory or swap space
#   Check if swap backing store is full
#   Decrease Java heap size (-Xmx/-Xms)
#   Decrease number of Java threads
#   Decrease Java thread stack sizes (-Xss)
#   Set larger code cache with -XX:ReservedCodeCacheSize=
#   JVM is running with Zero Based Compressed Oops mode in which the Java heap is
#     placed in the first 32GB address space. The Java Heap base address is the
#     maximum limit for the native heap growth. Please use -XX:HeapBaseMinAddress
#     to set the Java Heap base and to place the Java Heap above 32GB virtual address.
# This output file may be truncated or incomplete.
#
#  Out of Memory Error (virtualSpaceNode.cpp:110), pid=5824, tid=39496
#
# JRE version: Java(TM) SE Runtime Environment (19.0.2+7) (build 19.0.2+7-44)
# Java VM: Java HotSpot(TM) 64-Bit Server VM (19.0.2+7-44, mixed mode, sharing, tiered, compressed oops, compressed class ptrs, g1 gc, windows-amd64)
# No core dump will be written. Minidumps are not enabled by default on client versions of Windows
#

---------------  S U M M A R Y ------------

Command Line: -XX:+ShowCodeDetailsInExceptionMessages -agentlib:jdwp=transport=dt_socket,suspend=y,address=localhost:54805 -javaagent:C:\Users\chait\eclipse\java-2021-06\eclipse\configuration\org.eclipse.osgi\222\0\.cp\lib\javaagent-shaded.jar -Dfile.encoding=UTF-8 com.arraybasedprograms.ArrayIntialize

Host: Intel(R) Core(TM) i7-8565U CPU @ 1.80GHz, 8 cores, 15G,  Windows 11 , 64 bit Build 22621 (10.0.22621.1635)
Time: Tue Jun 13 08:51:42 2023 India Standard Time elapsed time: 8.382903 seconds (0d 0h 0m 8s)

---------------  T H R E A D  ---------------

Current thread (0x00000211d75ff4b0):  JavaThread "main" [_thread_in_vm, id=39496, stack(0x000000396c700000,0x000000396c800000)]

Stack: [0x000000396c700000,0x000000396c800000]
Native frames: (J=compiled Java code, j=interpreted, Vv=VM code, C=native code)
V  [jvm.dll+0x6ee21a]
V  [jvm.dll+0x85765e]
V  [jvm.dll+0x85904e]
V  [jvm.dll+0x859703]
V  [jvm.dll+0x28298f]
V  [jvm.dll+0x8532db]
V  [jvm.dll+0x692cb6]
V  [jvm.dll+0x692d1a]
V  [jvm.dll+0x695613]
V  [jvm.dll+0x6954de]
V  [jvm.dll+0x6936de]
V  [jvm.dll+0x69dd07]
V  [jvm.dll+0x21e072]
V  [jvm.dll+0x21e5a5]
V  [jvm.dll+0x21ef01]
V  [jvm.dll+0x2146a1]
V  [jvm.dll+0x5a9cb6]
V  [jvm.dll+0x2257aa]
V  [jvm.dll+0x7cc802]
V  [jvm.dll+0x7cdc4a]
V  [jvm.dll+0x7cdf78]
V  [jvm.dll+0x271e1b]
V  [jvm.dll+0x3dd21f]
C  0x00000211e6ac948c

Java frames: (J=compiled Java code, j=interpreted, Vv=VM code)
j  sun.security.rsa.RSAKeyFactory.toRSAKey(Ljava/security/Key;)Ljava/security/interfaces/RSAKey;+22 java.base@19.0.2
j  sun.security.rsa.RSASignature.engineInitVerify(Ljava/security/PublicKey;)V+1 java.base@19.0.2
j  java.security.SignatureSpi.engineInitVerify(Ljava/security/PublicKey;Ljava/security/spec/AlgorithmParameterSpec;)V+24 java.base@19.0.2
j  java.security.Signature$Delegate.tryOperation(Ljava/security/SignatureSpi;ILjava/security/Key;Ljava/security/spec/AlgorithmParameterSpec;Ljava/security/SecureRandom;)V+58 java.base@19.0.2
j  java.security.Signature$Delegate.chooseProvider(ILjava/security/Key;Ljava/security/spec/AlgorithmParameterSpec;Ljava/security/SecureRandom;)V+118 java.base@19.0.2
j  java.security.Signature$Delegate.engineInitVerify(Ljava/security/PublicKey;Ljava/security/spec/AlgorithmParameterSpec;)V+24 java.base@19.0.2
j  java.security.Signature.initVerify(Ljava/security/PublicKey;Ljava/security/spec/AlgorithmParameterSpec;)V+3 java.base@19.0.2
j  java.security.Signature$1.initVerify(Ljava/security/Signature;Ljava/security/PublicKey;Ljava/security/spec/AlgorithmParameterSpec;)V+3 java.base@19.0.2
j  sun.security.util.SignatureUtil.initVerifyWithParam(Ljava/security/Signature;Ljava/security/PublicKey;Ljava/security/spec/AlgorithmParameterSpec;)V+6 java.base@19.0.2
j  sun.security.pkcs.SignerInfo.verify(Lsun/security/pkcs/PKCS7;[B)Lsun/security/pkcs/SignerInfo;+573 java.base@19.0.2
j  sun.security.pkcs.PKCS7.verify(Lsun/security/pkcs/SignerInfo;[B)Lsun/security/pkcs/SignerInfo;+3 java.base@19.0.2
j  sun.security.pkcs.PKCS7.verify([B)[Lsun/security/pkcs/SignerInfo;+27 java.base@19.0.2
j  sun.security.pkcs.SignerInfo.getTimestamp()Ljava/security/Timestamp;+45 java.base@19.0.2
j  sun.security.pkcs.SignerInfo.verify(Lsun/security/pkcs/PKCS7;[B)Lsun/security/pkcs/SignerInfo;+3 java.base@19.0.2
j  sun.security.pkcs.PKCS7.verify(Lsun/security/pkcs/SignerInfo;[B)Lsun/security/pkcs/SignerInfo;+3 java.base@19.0.2
j  sun.security.pkcs.PKCS7.verify([B)[Lsun/security/pkcs/SignerInfo;+27 java.base@19.0.2
j  sun.security.util.SignatureFileVerifier.processImpl(Ljava/util/Hashtable;Ljava/util/List;Ljava/lang/String;)V+62 java.base@19.0.2
j  sun.security.util.SignatureFileVerifier.process(Ljava/util/Hashtable;Ljava/util/List;Ljava/lang/String;)V+12 java.base@19.0.2
j  java.util.jar.JarVerifier.processEntry(Lsun/security/util/ManifestEntryVerifier;)V+397 java.base@19.0.2
j  java.util.jar.JarVerifier.update(I[BIILsun/security/util/ManifestEntryVerifier;)V+39 java.base@19.0.2
j  java.util.jar.JarFile.initializeVerifier()V+164 java.base@19.0.2
j  java.util.jar.JarFile.ensureInitialization()V+36 java.base@19.0.2
j  java.util.jar.JavaUtilJarAccessImpl.ensureInitialization(Ljava/util/jar/JarFile;)V+1 java.base@19.0.2
j  jdk.internal.loader.URLClassPath$JarLoader$2.getManifest()Ljava/util/jar/Manifest;+10 java.base@19.0.2
j  jdk.internal.loader.BuiltinClassLoader.defineClass(Ljava/lang/String;Ljdk/internal/loader/Resource;)Ljava/lang/Class;+29 java.base@19.0.2
j  jdk.internal.loader.BuiltinClassLoader.findClassOnClassPathOrNull(Ljava/lang/String;)Ljava/lang/Class;+37 java.base@19.0.2
j  jdk.internal.loader.BuiltinClassLoader.loadClassOrNull(Ljava/lang/String;Z)Ljava/lang/Class;+111 java.base@19.0.2
j  jdk.internal.loader.BuiltinClassLoader.loadClass(Ljava/lang/String;Z)Ljava/lang/Class;+3 java.base@19.0.2
j  jdk.internal.loader.ClassLoaders$AppClassLoader.loadClass(Ljava/lang/String;Z)Ljava/lang/Class;+36 java.base@19.0.2
j  java.lang.ClassLoader.loadClass(Ljava/lang/String;)Ljava/lang/Class;+3 java.base@19.0.2
j  sun.instrument.InstrumentationImpl.loadClassAndStartAgent(Ljava/lang/String;Ljava/lang/String;Ljava/lang/String;)V+8 java.instrument@19.0.2
j  sun.instrument.InstrumentationImpl.loadClassAndCallPremain(Ljava/lang/String;Ljava/lang/String;)V+6 java.instrument@19.0.2
v  ~StubRoutines::call_stub 0x00000211e6a9100e

---------------  P R O C E S S  ---------------

Threads class SMR info:
_java_thread_list=0x00000211fedd7560, length=14, elements={
0x00000211d75ff4b0, 0x00000211fa929400, 0x00000211fa929f30, 0x00000211fa92aa60,
0x00000211fa92d5a0, 0x00000211fa931ff0, 0x00000211fa932920, 0x00000211fa933580,
0x00000211fa96e450, 0x00000211fa96e9d0, 0x00000211fecd7740, 0x00000211feded2d0,
0x00000211fedc4d00, 0x00000211fedc7260
}
_to_delete_list=0x00000211fedd7c50, length=13, elements={
0x00000211d75ff4b0, 0x00000211fa929400, 0x00000211fa929f30, 0x00000211fa92aa60,
0x00000211fa92d5a0, 0x00000211fa931ff0, 0x00000211fa932920, 0x00000211fa933580,
0x00000211fa96e450, 0x00000211fa96e9d0, 0x00000211fecd7740, 0x00000211feded2d0,
0x00000211fedc4d00
}

Java Threads: ( => current thread )
=>0x00000211d75ff4b0 JavaThread "main" [_thread_in_vm, id=39496, stack(0x000000396c700000,0x000000396c800000)]
  0x00000211fa929400 JavaThread "Reference Handler" daemon [_thread_blocked, id=39660, stack(0x000000396cf00000,0x000000396d000000)]
  0x00000211fa929f30 JavaThread "Finalizer" daemon [_thread_blocked, id=39884, stack(0x000000396d000000,0x000000396d100000)]
  0x00000211fa92aa60 JavaThread "Signal Dispatcher" daemon [_thread_blocked, id=10764, stack(0x000000396d100000,0x000000396d200000)]
  0x00000211fa92d5a0 JavaThread "Attach Listener" daemon [_thread_blocked, id=39940, stack(0x000000396d200000,0x000000396d300000)]
  0x00000211fa931ff0 JavaThread "Service Thread" daemon [_thread_blocked, id=39944, stack(0x000000396d300000,0x000000396d400000)]
  0x00000211fa932920 JavaThread "Monitor Deflation Thread" daemon [_thread_blocked, id=39948, stack(0x000000396d400000,0x000000396d500000)]
  0x00000211fa933580 JavaThread "C2 CompilerThread0" daemon [_thread_blocked, id=39952, stack(0x000000396d500000,0x000000396d600000)]
  0x00000211fa96e450 JavaThread "C1 CompilerThread0" daemon [_thread_blocked, id=39956, stack(0x000000396d600000,0x000000396d700000)]
  0x00000211fa96e9d0 JavaThread "Sweeper thread" daemon [_thread_blocked, id=39960, stack(0x000000396d700000,0x000000396d800000)]
  0x00000211fecd7740 JavaThread "Common-Cleaner" daemon [_thread_blocked, id=41300, stack(0x000000396d800000,0x000000396d900000)]
  0x00000211feded2d0 JavaThread "JDWP Transport Listener: dt_socket" daemon [_thread_blocked, id=41444, stack(0x000000396d900000,0x000000396da00000)]
  0x00000211fedc4d00 JavaThread "JDWP Event Helper Thread" daemon [_thread_blocked, id=41452, stack(0x000000396da00000,0x000000396db00000)]
  0x00000211fedc7260 JavaThread "JDWP Command Reader" daemon [_thread_in_native, id=41460, stack(0x000000396db00000,0x000000396dc00000)]

Other Threads:
  0x00000211fa9107d0 VMThread "VM Thread" [stack: 0x000000396ce00000,0x000000396cf00000] [id=12424]
  0x00000211d7670b50 WorkerThread "GC Thread#0" [stack: 0x000000396c900000,0x000000396ca00000] [id=39740]
  0x00000211d76817b0 ConcurrentGCThread "G1 Main Marker" [stack: 0x000000396ca00000,0x000000396cb00000] [id=39728]
  0x00000211d76831f0 WorkerThread "G1 Conc#0" [stack: 0x000000396cb00000,0x000000396cc00000] [id=39760]
  0x00000211d76be720 ConcurrentGCThread "G1 Refine#0" [stack: 0x000000396cc00000,0x000000396cd00000] [id=39804]
  0x00000211fa7c44c0 ConcurrentGCThread "G1 Service" [stack: 0x000000396cd00000,0x000000396ce00000] [id=19172]

Threads with active compile tasks:

VM state: not at safepoint (normal execution)

VM Mutex/Monitor currently owned by a thread:  ([mutex/lock_event])
[0x00000211d75fa380] Metaspace_lock - owner thread: 0x00000211d75ff4b0

Heap address: 0x0000000703000000, size: 4048 MB, Compressed Oops mode: Zero based, Oop shift amount: 3

CDS archive(s) mapped at: [0x0000000800000000-0x0000000800c40000-0x0000000800c40000), size 12845056, SharedBaseAddress: 0x0000000800000000, ArchiveRelocationMode: 0.
Compressed class space mapped at: 0x0000000801000000-0x0000000841000000, reserved size: 1073741824
Narrow klass base: 0x0000000800000000, Narrow klass shift: 0, Narrow klass range: 0x100000000

GC Precious Log:
 CardTable entry size: 512
 Card Set container configuration: InlinePtr #cards 4 size 8 Array Of Cards #cards 16 size 48 Howl #buckets 8 coarsen threshold 3686 Howl Bitmap #cards 512 size 80 coarsen threshold 460 Card regions per heap region 1 cards per card region 4096
 CPUs: 8 total, 8 available
 Memory: 16191M
 Large Page Support: Disabled
 NUMA Support: Disabled
 Compressed Oops: Enabled (Zero based)
 Heap Region Size: 2M
 Heap Min Capacity: 8M
 Heap Initial Capacity: 254M
 Heap Max Capacity: 4048M
 Pre-touch: Disabled
 Parallel Workers: 8
 Concurrent Workers: 2
 Concurrent Refinement Workers: 8
 Periodic GC: Disabled

Heap:
 garbage-first heap   total 260096K, used 12288K [0x0000000703000000, 0x0000000800000000)
  region size 2048K, 5 young (10240K), 0 survivors (0K)
 Metaspace       used 2255K, committed 2432K, reserved 1114112K
  class space    used 201K, committed 320K, reserved 1048576K

Heap Regions: E=young(eden), S=young(survivor), O=old, HS=humongous(starts), HC=humongous(continues), CS=collection set, F=free, OA=open archive, CA=closed archive, TAMS=top-at-mark-start (previous, next)
|   0|0x0000000703000000, 0x0000000703200000, 0x0000000703200000|100%|HS|  |TAMS 0x0000000703000000, 0x0000000703000000| Complete 
|   1|0x0000000703200000, 0x0000000703400000, 0x0000000703400000|100%|HC|  |TAMS 0x0000000703200000, 0x0000000703200000| Complete 
|   2|0x0000000703400000, 0x0000000703400000, 0x0000000703600000|  0%| F|  |TAMS 0x0000000703400000, 0x0000000703400000| Untracked 
|   3|0x0000000703600000, 0x0000000703600000, 0x0000000703800000|  0%| F|  |TAMS 0x0000000703600000, 0x0000000703600000| Untracked 
|   4|0x0000000703800000, 0x0000000703800000, 0x0000000703a00000|  0%| F|  |TAMS 0x0000000703800000, 0x0000000703800000| Untracked 
|   5|0x0000000703a00000, 0x0000000703a00000, 0x0000000703c00000|  0%| F|  |TAMS 0x0000000703a00000, 0x0000000703a00000| Untracked 
|   6|0x0000000703c00000, 0x0000000703c00000, 0x0000000703e00000|  0%| F|  |TAMS 0x0000000703c00000, 0x0000000703c00000| Untracked 
|   7|0x0000000703e00000, 0x0000000703e00000, 0x0000000704000000|  0%| F|  |TAMS 0x0000000703e00000, 0x0000000703e00000| Untracked 
|   8|0x0000000704000000, 0x0000000704000000, 0x0000000704200000|  0%| F|  |TAMS 0x0000000704000000, 0x0000000704000000| Untracked 
|   9|0x0000000704200000, 0x0000000704200000, 0x0000000704400000|  0%| F|  |TAMS 0x0000000704200000, 0x0000000704200000| Untracked 
|  10|0x0000000704400000, 0x0000000704400000, 0x0000000704600000|  0%| F|  |TAMS 0x0000000704400000, 0x0000000704400000| Untracked 
|  11|0x0000000704600000, 0x0000000704600000, 0x0000000704800000|  0%| F|  |TAMS 0x0000000704600000, 0x0000000704600000| Untracked 
|  12|0x0000000704800000, 0x0000000704800000, 0x0000000704a00000|  0%| F|  |TAMS 0x0000000704800000, 0x0000000704800000| Untracked 
|  13|0x0000000704a00000, 0x0000000704a00000, 0x0000000704c00000|  0%| F|  |TAMS 0x0000000704a00000, 0x0000000704a00000| Untracked 
|  14|0x0000000704c00000, 0x0000000704c00000, 0x0000000704e00000|  0%| F|  |TAMS 0x0000000704c00000, 0x0000000704c00000| Untracked 
|  15|0x0000000704e00000, 0x0000000704e00000, 0x0000000705000000|  0%| F|  |TAMS 0x0000000704e00000, 0x0000000704e00000| Untracked 
|  16|0x0000000705000000, 0x0000000705000000, 0x0000000705200000|  0%| F|  |TAMS 0x0000000705000000, 0x0000000705000000| Untracked 
|  17|0x0000000705200000, 0x0000000705200000, 0x0000000705400000|  0%| F|  |TAMS 0x0000000705200000, 0x0000000705200000| Untracked 
|  18|0x0000000705400000, 0x0000000705400000, 0x0000000705600000|  0%| F|  |TAMS 0x0000000705400000, 0x0000000705400000| Untracked 
|  19|0x0000000705600000, 0x0000000705600000, 0x0000000705800000|  0%| F|  |TAMS 0x0000000705600000, 0x0000000705600000| Untracked 
|  20|0x0000000705800000, 0x0000000705800000, 0x0000000705a00000|  0%| F|  |TAMS 0x0000000705800000, 0x0000000705800000| Untracked 
|  21|0x0000000705a00000, 0x0000000705a00000, 0x0000000705c00000|  0%| F|  |TAMS 0x0000000705a00000, 0x0000000705a00000| Untracked 
|  22|0x0000000705c00000, 0x0000000705c00000, 0x0000000705e00000|  0%| F|  |TAMS 0x0000000705c00000, 0x0000000705c00000| Untracked 
|  23|0x0000000705e00000, 0x0000000705e00000, 0x0000000706000000|  0%| F|  |TAMS 0x0000000705e00000, 0x0000000705e00000| Untracked 
|  24|0x0000000706000000, 0x0000000706000000, 0x0000000706200000|  0%| F|  |TAMS 0x0000000706000000, 0x0000000706000000| Untracked 
|  25|0x0000000706200000, 0x0000000706200000, 0x0000000706400000|  0%| F|  |TAMS 0x0000000706200000, 0x0000000706200000| Untracked 
|  26|0x0000000706400000, 0x0000000706400000, 0x0000000706600000|  0%| F|  |TAMS 0x0000000706400000, 0x0000000706400000| Untracked 
|  27|0x0000000706600000, 0x0000000706600000, 0x0000000706800000|  0%| F|  |TAMS 0x0000000706600000, 0x0000000706600000| Untracked 
|  28|0x0000000706800000, 0x0000000706800000, 0x0000000706a00000|  0%| F|  |TAMS 0x0000000706800000, 0x0000000706800000| Untracked 
|  29|0x0000000706a00000, 0x0000000706a00000, 0x0000000706c00000|  0%| F|  |TAMS 0x0000000706a00000, 0x0000000706a00000| Untracked 
|  30|0x0000000706c00000, 0x0000000706c00000, 0x0000000706e00000|  0%| F|  |TAMS 0x0000000706c00000, 0x0000000706c00000| Untracked 
|  31|0x0000000706e00000, 0x0000000706e00000, 0x0000000707000000|  0%| F|  |TAMS 0x0000000706e00000, 0x0000000706e00000| Untracked 
|  32|0x0000000707000000, 0x0000000707000000, 0x0000000707200000|  0%| F|  |TAMS 0x0000000707000000, 0x0000000707000000| Untracked 
|  33|0x0000000707200000, 0x0000000707200000, 0x0000000707400000|  0%| F|  |TAMS 0x0000000707200000, 0x0000000707200000| Untracked 
|  34|0x0000000707400000, 0x0000000707400000, 0x0000000707600000|  0%| F|  |TAMS 0x0000000707400000, 0x0000000707400000| Untracked 
|  35|0x0000000707600000, 0x0000000707600000, 0x0000000707800000|  0%| F|  |TAMS 0x0000000707600000, 0x0000000707600000| Untracked 
|  36|0x0000000707800000, 0x0000000707800000, 0x0000000707a00000|  0%| F|  |TAMS 0x0000000707800000, 0x0000000707800000| Untracked 
|  37|0x0000000707a00000, 0x0000000707a00000, 0x0000000707c00000|  0%| F|  |TAMS 0x0000000707a00000, 0x0000000707a00000| Untracked 
|  38|0x0000000707c00000, 0x0000000707c00000, 0x0000000707e00000|  0%| F|  |TAMS 0x0000000707c00000, 0x0000000707c00000| Untracked 
|  39|0x0000000707e00000, 0x0000000707e00000, 0x0000000708000000|  0%| F|  |TAMS 0x0000000707e00000, 0x0000000707e00000| Untracked 
|  40|0x0000000708000000, 0x0000000708000000, 0x0000000708200000|  0%| F|  |TAMS 0x0000000708000000, 0x0000000708000000| Untracked 
|  41|0x0000000708200000, 0x0000000708200000, 0x0000000708400000|  0%| F|  |TAMS 0x0000000708200000, 0x0000000708200000| Untracked 
|  42|0x0000000708400000, 0x0000000708400000, 0x0000000708600000|  0%| F|  |TAMS 0x0000000708400000, 0x0000000708400000| Untracked 
|  43|0x0000000708600000, 0x0000000708600000, 0x0000000708800000|  0%| F|  |TAMS 0x0000000708600000, 0x0000000708600000| Untracked 
|  44|0x0000000708800000, 0x0000000708800000, 0x0000000708a00000|  0%| F|  |TAMS 0x0000000708800000, 0x0000000708800000| Untracked 
|  45|0x0000000708a00000, 0x0000000708a00000, 0x0000000708c00000|  0%| F|  |TAMS 0x0000000708a00000, 0x0000000708a00000| Untracked 
|  46|0x0000000708c00000, 0x0000000708c00000, 0x0000000708e00000|  0%| F|  |TAMS 0x0000000708c00000, 0x0000000708c00000| Untracked 
|  47|0x0000000708e00000, 0x0000000708e00000, 0x0000000709000000|  0%| F|  |TAMS 0x0000000708e00000, 0x0000000708e00000| Untracked 
|  48|0x0000000709000000, 0x0000000709000000, 0x0000000709200000|  0%| F|  |TAMS 0x0000000709000000, 0x0000000709000000| Untracked 
|  49|0x0000000709200000, 0x0000000709200000, 0x0000000709400000|  0%| F|  |TAMS 0x0000000709200000, 0x0000000709200000| Untracked 
|  50|0x0000000709400000, 0x0000000709400000, 0x0000000709600000|  0%| F|  |TAMS 0x0000000709400000, 0x0000000709400000| Untracked 
|  51|0x0000000709600000, 0x0000000709600000, 0x0000000709800000|  0%| F|  |TAMS 0x0000000709600000, 0x0000000709600000| Untracked 
|  52|0x0000000709800000, 0x0000000709800000, 0x0000000709a00000|  0%| F|  |TAMS 0x0000000709800000, 0x0000000709800000| Untracked 
|  53|0x0000000709a00000, 0x0000000709a00000, 0x0000000709c00000|  0%| F|  |TAMS 0x0000000709a00000, 0x0000000709a00000| Untracked 
|  54|0x0000000709c00000, 0x0000000709c00000, 0x0000000709e00000|  0%| F|  |TAMS 0x0000000709c00000, 0x0000000709c00000| Untracked 
|  55|0x0000000709e00000, 0x0000000709e00000, 0x000000070a000000|  0%| F|  |TAMS 0x0000000709e00000, 0x0000000709e00000| Untracked 
|  56|0x000000070a000000, 0x000000070a000000, 0x000000070a200000|  0%| F|  |TAMS 0x000000070a000000, 0x000000070a000000| Untracked 
|  57|0x000000070a200000, 0x000000070a200000, 0x000000070a400000|  0%| F|  |TAMS 0x000000070a200000, 0x000000070a200000| Untracked 
|  58|0x000000070a400000, 0x000000070a400000, 0x000000070a600000|  0%| F|  |TAMS 0x000000070a400000, 0x000000070a400000| Untracked 
|  59|0x000000070a600000, 0x000000070a600000, 0x000000070a800000|  0%| F|  |TAMS 0x000000070a600000, 0x000000070a600000| Untracked 
|  60|0x000000070a800000, 0x000000070a800000, 0x000000070aa00000|  0%| F|  |TAMS 0x000000070a800000, 0x000000070a800000| Untracked 
|  61|0x000000070aa00000, 0x000000070aa00000, 0x000000070ac00000|  0%| F|  |TAMS 0x000000070aa00000, 0x000000070aa00000| Untracked 
|  62|0x000000070ac00000, 0x000000070ac00000, 0x000000070ae00000|  0%| F|  |TAMS 0x000000070ac00000, 0x000000070ac00000| Untracked 
|  63|0x000000070ae00000, 0x000000070ae00000, 0x000000070b000000|  0%| F|  |TAMS 0x000000070ae00000, 0x000000070ae00000| Untracked 
|  64|0x000000070b000000, 0x000000070b000000, 0x000000070b200000|  0%| F|  |TAMS 0x000000070b000000, 0x000000070b000000| Untracked 
|  65|0x000000070b200000, 0x000000070b200000, 0x000000070b400000|  0%| F|  |TAMS 0x000000070b200000, 0x000000070b200000| Untracked 
|  66|0x000000070b400000, 0x000000070b400000, 0x000000070b600000|  0%| F|  |TAMS 0x000000070b400000, 0x000000070b400000| Untracked 
|  67|0x000000070b600000, 0x000000070b600000, 0x000000070b800000|  0%| F|  |TAMS 0x000000070b600000, 0x000000070b600000| Untracked 
|  68|0x000000070b800000, 0x000000070b800000, 0x000000070ba00000|  0%| F|  |TAMS 0x000000070b800000, 0x000000070b800000| Untracked 
|  69|0x000000070ba00000, 0x000000070ba00000, 0x000000070bc00000|  0%| F|  |TAMS 0x000000070ba00000, 0x000000070ba00000| Untracked 
|  70|0x000000070bc00000, 0x000000070bc00000, 0x000000070be00000|  0%| F|  |TAMS 0x000000070bc00000, 0x000000070bc00000| Untracked 
|  71|0x000000070be00000, 0x000000070be00000, 0x000000070c000000|  0%| F|  |TAMS 0x000000070be00000, 0x000000070be00000| Untracked 
|  72|0x000000070c000000, 0x000000070c000000, 0x000000070c200000|  0%| F|  |TAMS 0x000000070c000000, 0x000000070c000000| Untracked 
|  73|0x000000070c200000, 0x000000070c200000, 0x000000070c400000|  0%| F|  |TAMS 0x000000070c200000, 0x000000070c200000| Untracked 
|  74|0x000000070c400000, 0x000000070c400000, 0x000000070c600000|  0%| F|  |TAMS 0x000000070c400000, 0x000000070c400000| Untracked 
|  75|0x000000070c600000, 0x000000070c600000, 0x000000070c800000|  0%| F|  |TAMS 0x000000070c600000, 0x000000070c600000| Untracked 
|  76|0x000000070c800000, 0x000000070c800000, 0x000000070ca00000|  0%| F|  |TAMS 0x000000070c800000, 0x000000070c800000| Untracked 
|  77|0x000000070ca00000, 0x000000070ca00000, 0x000000070cc00000|  0%| F|  |TAMS 0x000000070ca00000, 0x000000070ca00000| Untracked 
|  78|0x000000070cc00000, 0x000000070cc00000, 0x000000070ce00000|  0%| F|  |TAMS 0x000000070cc00000, 0x000000070cc00000| Untracked 
|  79|0x000000070ce00000, 0x000000070ce00000, 0x000000070d000000|  0%| F|  |TAMS 0x000000070ce00000, 0x000000070ce00000| Untracked 
|  80|0x000000070d000000, 0x000000070d000000, 0x000000070d200000|  0%| F|  |TAMS 0x000000070d000000, 0x000000070d000000| Untracked 
|  81|0x000000070d200000, 0x000000070d200000, 0x000000070d400000|  0%| F|  |TAMS 0x000000070d200000, 0x000000070d200000| Untracked 
|  82|0x000000070d400000, 0x000000070d400000, 0x000000070d600000|  0%| F|  |TAMS 0x000000070d400000, 0x000000070d400000| Untracked 
|  83|0x000000070d600000, 0x000000070d600000, 0x000000070d800000|  0%| F|  |TAMS 0x000000070d600000, 0x000000070d600000| Untracked 
|  84|0x000000070d800000, 0x000000070d800000, 0x000000070da00000|  0%| F|  |TAMS 0x000000070d800000, 0x000000070d800000| Untracked 
|  85|0x000000070da00000, 0x000000070da00000, 0x000000070dc00000|  0%| F|  |TAMS 0x000000070da00000, 0x000000070da00000| Untracked 
|  86|0x000000070dc00000, 0x000000070dc00000, 0x000000070de00000|  0%| F|  |TAMS 0x000000070dc00000, 0x000000070dc00000| Untracked 
|  87|0x000000070de00000, 0x000000070de00000, 0x000000070e000000|  0%| F|  |TAMS 0x000000070de00000, 0x000000070de00000| Untracked 
|  88|0x000000070e000000, 0x000000070e000000, 0x000000070e200000|  0%| F|  |TAMS 0x000000070e000000, 0x000000070e000000| Untracked 
|  89|0x000000070e200000, 0x000000070e200000, 0x000000070e400000|  0%| F|  |TAMS 0x000000070e200000, 0x000000070e200000| Untracked 
|  90|0x000000070e400000, 0x000000070e400000, 0x000000070e600000|  0%| F|  |TAMS 0x000000070e400000, 0x000000070e400000| Untracked 
|  91|0x000000070e600000, 0x000000070e600000, 0x000000070e800000|  0%| F|  |TAMS 0x000000070e600000, 0x000000070e600000| Untracked 
|  92|0x000000070e800000, 0x000000070e800000, 0x000000070ea00000|  0%| F|  |TAMS 0x000000070e800000, 0x000000070e800000| Untracked 
|  93|0x000000070ea00000, 0x000000070ea00000, 0x000000070ec00000|  0%| F|  |TAMS 0x000000070ea00000, 0x000000070ea00000| Untracked 
|  94|0x000000070ec00000, 0x000000070ec00000, 0x000000070ee00000|  0%| F|  |TAMS 0x000000070ec00000, 0x000000070ec00000| Untracked 
|  95|0x000000070ee00000, 0x000000070ee00000, 0x000000070f000000|  0%| F|  |TAMS 0x000000070ee00000, 0x000000070ee00000| Untracked 
|  96|0x000000070f000000, 0x000000070f000000, 0x000000070f200000|  0%| F|  |TAMS 0x000000070f000000, 0x000000070f000000| Untracked 
|  97|0x000000070f200000, 0x000000070f200000, 0x000000070f400000|  0%| F|  |TAMS 0x000000070f200000, 0x000000070f200000| Untracked 
|  98|0x000000070f400000, 0x000000070f400000, 0x000000070f600000|  0%| F|  |TAMS 0x000000070f400000, 0x000000070f400000| Untracked 
|  99|0x000000070f600000, 0x000000070f600000, 0x000000070f800000|  0%| F|  |TAMS 0x000000070f600000, 0x000000070f600000| Untracked 
| 100|0x000000070f800000, 0x000000070f800000, 0x000000070fa00000|  0%| F|  |TAMS 0x000000070f800000, 0x000000070f800000| Untracked 
| 101|0x000000070fa00000, 0x000000070fa00000, 0x000000070fc00000|  0%| F|  |TAMS 0x000000070fa00000, 0x000000070fa00000| Untracked 
| 102|0x000000070fc00000, 0x000000070fc00000, 0x000000070fe00000|  0%| F|  |TAMS 0x000000070fc00000, 0x000000070fc00000| Untracked 
| 103|0x000000070fe00000, 0x000000070fe00000, 0x0000000710000000|  0%| F|  |TAMS 0x000000070fe00000, 0x000000070fe00000| Untracked 
| 104|0x0000000710000000, 0x0000000710000000, 0x0000000710200000|  0%| F|  |TAMS 0x0000000710000000, 0x0000000710000000| Untracked 
| 105|0x0000000710200000, 0x0000000710200000, 0x0000000710400000|  0%| F|  |TAMS 0x0000000710200000, 0x0000000710200000| Untracked 
| 106|0x0000000710400000, 0x0000000710400000, 0x0000000710600000|  0%| F|  |TAMS 0x0000000710400000, 0x0000000710400000| Untracked 
| 107|0x0000000710600000, 0x0000000710600000, 0x0000000710800000|  0%| F|  |TAMS 0x0000000710600000, 0x0000000710600000| Untracked 
| 108|0x0000000710800000, 0x0000000710800000, 0x0000000710a00000|  0%| F|  |TAMS 0x0000000710800000, 0x0000000710800000| Untracked 
| 109|0x0000000710a00000, 0x0000000710a00000, 0x0000000710c00000|  0%| F|  |TAMS 0x0000000710a00000, 0x0000000710a00000| Untracked 
| 110|0x0000000710c00000, 0x0000000710c00000, 0x0000000710e00000|  0%| F|  |TAMS 0x0000000710c00000, 0x0000000710c00000| Untracked 
| 111|0x0000000710e00000, 0x0000000710e00000, 0x0000000711000000|  0%| F|  |TAMS 0x0000000710e00000, 0x0000000710e00000| Untracked 
| 112|0x0000000711000000, 0x0000000711000000, 0x0000000711200000|  0%| F|  |TAMS 0x0000000711000000, 0x0000000711000000| Untracked 
| 113|0x0000000711200000, 0x0000000711200000, 0x0000000711400000|  0%| F|  |TAMS 0x0000000711200000, 0x0000000711200000| Untracked 
| 114|0x0000000711400000, 0x0000000711400000, 0x0000000711600000|  0%| F|  |TAMS 0x0000000711400000, 0x0000000711400000| Untracked 
| 115|0x0000000711600000, 0x0000000711600000, 0x0000000711800000|  0%| F|  |TAMS 0x0000000711600000, 0x0000000711600000| Untracked 
| 116|0x0000000711800000, 0x0000000711800000, 0x0000000711a00000|  0%| F|  |TAMS 0x0000000711800000, 0x0000000711800000| Untracked 
| 117|0x0000000711a00000, 0x0000000711a00000, 0x0000000711c00000|  0%| F|  |TAMS 0x0000000711a00000, 0x0000000711a00000| Untracked 
| 118|0x0000000711c00000, 0x0000000711c00000, 0x0000000711e00000|  0%| F|  |TAMS 0x0000000711c00000, 0x0000000711c00000| Untracked 
| 119|0x0000000711e00000, 0x0000000711e00000, 0x0000000712000000|  0%| F|  |TAMS 0x0000000711e00000, 0x0000000711e00000| Untracked 
| 120|0x0000000712000000, 0x0000000712000000, 0x0000000712200000|  0%| F|  |TAMS 0x0000000712000000, 0x0000000712000000| Untracked 
| 121|0x0000000712200000, 0x0000000712200000, 0x0000000712400000|  0%| F|  |TAMS 0x0000000712200000, 0x0000000712200000| Untracked 
| 122|0x0000000712400000, 0x0000000712552708, 0x0000000712600000| 66%| E|  |TAMS 0x0000000712400000, 0x0000000712400000| Complete 
| 123|0x0000000712600000, 0x0000000712800000, 0x0000000712800000|100%| E|CS|TAMS 0x0000000712600000, 0x0000000712600000| Complete 
| 124|0x0000000712800000, 0x0000000712a00000, 0x0000000712a00000|100%| E|CS|TAMS 0x0000000712800000, 0x0000000712800000| Complete 
| 125|0x0000000712a00000, 0x0000000712c00000, 0x0000000712c00000|100%| E|CS|TAMS 0x0000000712a00000, 0x0000000712a00000| Complete 
| 126|0x0000000712c00000, 0x0000000712e00000, 0x0000000712e00000|100%| E|CS|TAMS 0x0000000712c00000, 0x0000000712c00000| Complete 

Card table byte_map: [0x00000211ef080000,0x00000211ef870000] _byte_map_base: 0x00000211eb868000

Marking Bits (Prev, Next): (CMBitMap*) 0x00000211d7671180, (CMBitMap*) 0x00000211d76711c0
 Prev Bits: [0x00000211f0060000, 0x00000211f3fa0000)
 Next Bits: [0x00000211f3fa0000, 0x00000211f7ee0000)

Polling page: 0x00000211d6dc0000

Metaspace:

Usage:
  Non-class:      2.01 MB used.
      Class:    201.16 KB used.
       Both:      2.20 MB used.

Virtual space:
  Non-class space:       64.00 MB reserved,       2.06 MB (  3%) committed,  1 nodes.
      Class space:        1.00 GB reserved,     320.00 KB ( <1%) committed,  1 nodes.
             Both:        1.06 GB reserved,       2.38 MB ( <1%) committed. 

Chunk freelists:
   Non-Class:  3.99 MB
       Class:  3.74 MB
        Both:  7.73 MB

MaxMetaspaceSize: unlimited
CompressedClassSpaceSize: 1.00 GB
Initial GC threshold: 21.00 MB
Current GC threshold: 21.00 MB
CDS: on
MetaspaceReclaimPolicy: balanced
 - commit_granule_bytes: 65536.
 - commit_granule_words: 8192.
 - virtual_space_node_default_size: 8388608.
 - enlarge_chunks_in_place: 1.
 - new_chunks_are_fully_committed: 0.
 - uncommit_free_chunks: 1.
 - use_allocation_guard: 0.


Internal statistics:

num_allocs_failed_limit: 0.
num_arena_births: 12.
num_arena_deaths: 0.
num_vsnodes_births: 2.
num_vsnodes_deaths: 0.
num_space_committed: 38.
num_space_uncommitted: 0.
num_chunks_returned_to_freelist: 0.
num_chunks_taken_from_freelist: 13.
num_chunk_merges: 0.
num_chunk_splits: 8.
num_chunks_enlarged: 5.
num_inconsistent_stats: 0.

CodeHeap 'non-profiled nmethods': size=120000Kb used=148Kb max_used=148Kb free=119851Kb
 bounds [0x00000211e7030000, 0x00000211e72a0000, 0x00000211ee560000]
CodeHeap 'profiled nmethods': size=120000Kb used=565Kb max_used=565Kb free=119434Kb
 bounds [0x00000211df560000, 0x00000211df7d0000, 0x00000211e6a90000]
CodeHeap 'non-nmethods': size=5760Kb used=1290Kb max_used=1304Kb free=4469Kb
 bounds [0x00000211e6a90000, 0x00000211e6d00000, 0x00000211e7030000]
 total_blobs=850 nmethods=424 adapters=337
 compilation: enabled
              stopped_count=0, restarted_count=0
 full_count=0

Compilation events (20 events):
Event: 8.368 Thread 0x00000211fa96e450 nmethod 415 0x00000211df5eaa10 code [0x00000211df5eabe0, 0x00000211df5eaec8]
Event: 8.368 Thread 0x00000211fa96e450  416       3       java.nio.Buffer::checkIndex (9 bytes)
Event: 8.368 Thread 0x00000211fa933580 nmethod 414 0x00000211e7054890 code [0x00000211e7054a00, 0x00000211e7054a58]
Event: 8.368 Thread 0x00000211fa96e450 nmethod 416 0x00000211df5eaf90 code [0x00000211df5eb140, 0x00000211df5eb2f8]
Event: 8.368 Thread 0x00000211fa96e450  417       3       jdk.internal.misc.Unsafe::allocateUninitializedArray0 (90 bytes)
Event: 8.369 Thread 0x00000211fa96e450 nmethod 417 0x00000211df5eb410 code [0x00000211df5eb640, 0x00000211df5ebfb8]
Event: 8.369 Thread 0x00000211fa96e450  418       3       jdk.internal.org.objectweb.asm.SymbolTable$Entry::<init> (17 bytes)
Event: 8.369 Thread 0x00000211fa96e450 nmethod 418 0x00000211df5ec110 code [0x00000211df5ec2c0, 0x00000211df5ec468]
Event: 8.369 Thread 0x00000211fa96e450  419       3       jdk.internal.org.objectweb.asm.ByteVector::putByte (39 bytes)
Event: 8.369 Thread 0x00000211fa96e450 nmethod 419 0x00000211df5ec510 code [0x00000211df5ec6c0, 0x00000211df5ec8a8]
Event: 8.369 Thread 0x00000211fa96e450  420       3       jdk.internal.ref.CleanerFactory::cleaner (4 bytes)
Event: 8.369 Thread 0x00000211fa96e450 nmethod 420 0x00000211df5eca10 code [0x00000211df5ecba0, 0x00000211df5ecc98]
Event: 8.373 Thread 0x00000211fa96e450  421       3       java.lang.StringUTF16::putChar (54 bytes)
Event: 8.373 Thread 0x00000211fa96e450 nmethod 421 0x00000211df5ecd10 code [0x00000211df5ecec0, 0x00000211df5ed018]
Event: 8.374 Thread 0x00000211fa933580  422       4       java.lang.StringUTF16::putChar (54 bytes)
Event: 8.375 Thread 0x00000211fa933580 nmethod 422 0x00000211e7054b90 code [0x00000211e7054d20, 0x00000211e7054e18]
Event: 8.375 Thread 0x00000211fa96e450  423       3       java.lang.String::toString (2 bytes)
Event: 8.375 Thread 0x00000211fa96e450 nmethod 423 0x00000211df5ed110 code [0x00000211df5ed2a0, 0x00000211df5ed3b8]
Event: 8.375 Thread 0x00000211fa933580  424       4       java.lang.CharacterDataLatin1::getProperties (11 bytes)
Event: 8.376 Thread 0x00000211fa933580 nmethod 424 0x00000211e7054f10 code [0x00000211e70550a0, 0x00000211e7055158]

GC Heap History (0 events):
No events

Dll operation events (8 events):
Event: 0.191 Loaded shared library C:\Program Files\Java\jdk-19\bin\java.dll
Event: 0.677 Loaded shared library C:\Program Files\Java\jdk-19\bin\jsvml.dll
Event: 2.974 Loaded shared library C:\Program Files\Java\jdk-19\bin\zip.dll
Event: 2.983 Loaded shared library C:\Program Files\Java\jdk-19\bin\instrument.dll
Event: 3.009 Loaded shared library C:\Program Files\Java\jdk-19\bin\net.dll
Event: 3.011 Loaded shared library C:\Program Files\Java\jdk-19\bin\nio.dll
Event: 3.112 Loaded shared library C:\Program Files\Java\jdk-19\bin\zip.dll
Event: 8.367 Loaded shared library C:\Program Files\Java\jdk-19\bin\jimage.dll

Deoptimization events (12 events):
Event: 4.326 Thread 0x00000211d75ff4b0 DEOPT PACKING pc=0x00000211df56806a sp=0x000000396c7fdb10
Event: 4.326 Thread 0x00000211d75ff4b0 DEOPT UNPACKING pc=0x00000211e6af7543 sp=0x000000396c7fcf30 mode 0
Event: 4.650 Thread 0x00000211d75ff4b0 Uncommon trap: trap_request=0xffffff45 fr.pc=0x00000211e70436b8 relative=0x0000000000000198
Event: 4.650 Thread 0x00000211d75ff4b0 Uncommon trap: reason=unstable_if action=reinterpret pc=0x00000211e70436b8 method=java.util.zip.ZipFile$Source.isMetaName([BII)Z @ 43 c2
Event: 4.650 Thread 0x00000211d75ff4b0 DEOPT PACKING pc=0x00000211e70436b8 sp=0x000000396c7fdd30
Event: 4.650 Thread 0x00000211d75ff4b0 DEOPT UNPACKING pc=0x00000211e6af6da3 sp=0x000000396c7fdcd8 mode 2
Event: 5.543 Thread 0x00000211d75ff4b0 DEOPT PACKING pc=0x00000211df5664d5 sp=0x000000396c7fdee0
Event: 5.543 Thread 0x00000211d75ff4b0 DEOPT UNPACKING pc=0x00000211e6af7543 sp=0x000000396c7fd358 mode 0
Event: 6.859 Thread 0x00000211d75ff4b0 Uncommon trap: trap_request=0xffffff45 fr.pc=0x00000211e703ecac relative=0x000000000000098c
Event: 6.859 Thread 0x00000211d75ff4b0 Uncommon trap: reason=unstable_if action=reinterpret pc=0x00000211e703ecac method=java.util.HashMap.putVal(ILjava/lang/Object;Ljava/lang/Object;ZZ)Ljava/lang/Object; @ 181 c2
Event: 6.859 Thread 0x00000211d75ff4b0 DEOPT PACKING pc=0x00000211e703ecac sp=0x000000396c7fdee0
Event: 6.883 Thread 0x00000211d75ff4b0 DEOPT UNPACKING pc=0x00000211e6af6da3 sp=0x000000396c7fdea0 mode 2

Classes loaded (20 events):
Event: 8.376 Loading class sun/security/jca/ServiceId done
Event: 8.377 Loading class java/security/Signature$Delegate
Event: 8.377 Loading class java/security/Signature$Delegate done
Event: 8.377 Loading class java/security/interfaces/RSAPrivateKey
Event: 8.377 Loading class java/security/PrivateKey
Event: 8.377 Loading class javax/security/auth/Destroyable
Event: 8.377 Loading class javax/security/auth/Destroyable done
Event: 8.377 Loading class java/security/PrivateKey done
Event: 8.377 Loading class java/security/interfaces/RSAPrivateKey done
Event: 8.377 Loading class sun/security/rsa/RSASignature$SHA256withRSA
Event: 8.377 Loading class sun/security/rsa/RSASignature
Event: 8.377 Loading class sun/security/rsa/RSASignature done
Event: 8.377 Loading class sun/security/rsa/RSASignature$SHA256withRSA done
Event: 8.378 Loading class sun/security/rsa/RSAPrivateKeyImpl
Event: 8.378 Loading class sun/security/pkcs/PKCS8Key
Event: 8.378 Loading class sun/security/pkcs/PKCS8Key done
Event: 8.378 Loading class sun/security/rsa/RSAPrivateKeyImpl done
Event: 8.378 Loading class sun/security/rsa/RSAPrivateCrtKeyImpl
Event: 8.378 Loading class java/security/interfaces/RSAPrivateCrtKey
Event: 8.378 Loading class java/security/interfaces/RSAPrivateCrtKey done

Classes unloaded (0 events):
No events

Classes redefined (0 events):
No events

Internal exceptions (0 events):
No events

VM Operations (16 events):
Event: 1.814 Executing VM operation: Cleanup
Event: 1.926 Executing VM operation: Cleanup done
Event: 2.666 Executing VM operation: HandshakeAllThreads
Event: 2.666 Executing VM operation: HandshakeAllThreads done
Event: 2.881 Executing VM operation: ChangeBreakpoints
Event: 2.929 Executing VM operation: ChangeBreakpoints done
Event: 2.932 Executing VM operation: ChangeBreakpoints
Event: 2.932 Executing VM operation: ChangeBreakpoints done
Event: 3.933 Executing VM operation: Cleanup
Event: 3.933 Executing VM operation: Cleanup done
Event: 5.949 Executing VM operation: Cleanup
Event: 5.949 Executing VM operation: Cleanup done
Event: 6.959 Executing VM operation: Cleanup
Event: 7.318 Executing VM operation: Cleanup done
Event: 8.332 Executing VM operation: Cleanup
Event: 8.348 Executing VM operation: Cleanup done

Events (14 events):
Event: 0.677 Thread 0x00000211d75ff4b0 Thread added: 0x00000211d75ff4b0
Event: 1.683 Thread 0x00000211fa929400 Thread added: 0x00000211fa929400
Event: 1.684 Thread 0x00000211fa929f30 Thread added: 0x00000211fa929f30
Event: 1.684 Thread 0x00000211fa92aa60 Thread added: 0x00000211fa92aa60
Event: 1.684 Thread 0x00000211fa92d5a0 Thread added: 0x00000211fa92d5a0
Event: 1.684 Thread 0x00000211fa931ff0 Thread added: 0x00000211fa931ff0
Event: 1.685 Thread 0x00000211fa932920 Thread added: 0x00000211fa932920
Event: 1.685 Thread 0x00000211fa933580 Thread added: 0x00000211fa933580
Event: 1.688 Thread 0x00000211fa96e450 Thread added: 0x00000211fa96e450
Event: 1.689 Thread 0x00000211fa96e9d0 Thread added: 0x00000211fa96e9d0
Event: 2.639 Thread 0x00000211fecd7740 Thread added: 0x00000211fecd7740
Event: 2.880 Thread 0x00000211feded2d0 Thread added: 0x00000211feded2d0
Event: 2.880 Thread 0x00000211fedc4d00 Thread added: 0x00000211fedc4d00
Event: 2.881 Thread 0x00000211fedc7260 Thread added: 0x00000211fedc7260


Dynamic libraries:
0x00007ff639110000 - 0x00007ff639120000 	C:\Program Files\Java\jdk-19\bin\javaw.exe
0x00007ffb59610000 - 0x00007ffb59824000 	C:\WINDOWS\SYSTEM32\ntdll.dll
0x00007ffb58470000 - 0x00007ffb58532000 	C:\WINDOWS\System32\KERNEL32.DLL
0x00007ffb56c70000 - 0x00007ffb57013000 	C:\WINDOWS\System32\KERNELBASE.dll
0x00007ffb57250000 - 0x00007ffb57361000 	C:\WINDOWS\System32\ucrtbase.dll
0x00007ffb41df0000 - 0x00007ffb41e08000 	C:\Program Files\Java\jdk-19\bin\jli.dll
0x00007ffb57600000 - 0x00007ffb576ae000 	C:\WINDOWS\System32\ADVAPI32.dll
0x00007ffb41dd0000 - 0x00007ffb41deb000 	C:\Program Files\Java\jdk-19\bin\VCRUNTIME140.dll
0x00007ffb58dc0000 - 0x00007ffb58e67000 	C:\WINDOWS\System32\msvcrt.dll
0x00007ffb57ba0000 - 0x00007ffb57c44000 	C:\WINDOWS\System32\sechost.dll
0x00007ffb57430000 - 0x00007ffb57547000 	C:\WINDOWS\System32\RPCRT4.dll
0x00007ffb57900000 - 0x00007ffb57aab000 	C:\WINDOWS\System32\USER32.dll
0x00007ffb56c40000 - 0x00007ffb56c66000 	C:\WINDOWS\System32\win32u.dll
0x00007ffb576b0000 - 0x00007ffb576d9000 	C:\WINDOWS\System32\GDI32.dll
0x00007ffb25db0000 - 0x00007ffb2603e000 	C:\WINDOWS\WinSxS\amd64_microsoft.windows.common-controls_6595b64144ccf1df_6.0.22621.1635_none_270f70857386168e\COMCTL32.dll
0x00007ffb56b20000 - 0x00007ffb56c38000 	C:\WINDOWS\System32\gdi32full.dll
0x00007ffb57370000 - 0x00007ffb5740a000 	C:\WINDOWS\System32\msvcp_win.dll
0x00007ffb48670000 - 0x00007ffb4867a000 	C:\WINDOWS\SYSTEM32\VERSION.dll
0x00007ffb59590000 - 0x00007ffb595c1000 	C:\WINDOWS\System32\IMM32.DLL
0x00007ffb41b40000 - 0x00007ffb41b4c000 	C:\Program Files\Java\jdk-19\bin\vcruntime140_1.dll
0x00007ffb0e6f0000 - 0x00007ffb0e77e000 	C:\Program Files\Java\jdk-19\bin\msvcp140.dll
0x00007ffafec80000 - 0x00007ffaff940000 	C:\Program Files\Java\jdk-19\bin\server\jvm.dll
0x00007ffb349d0000 - 0x00007ffb349d9000 	C:\WINDOWS\SYSTEM32\WSOCK32.dll
0x00007ffb4ce90000 - 0x00007ffb4cec4000 	C:\WINDOWS\SYSTEM32\WINMM.dll
0x00007ffb58540000 - 0x00007ffb585b1000 	C:\WINDOWS\System32\WS2_32.dll
0x00007ffb55a80000 - 0x00007ffb55a98000 	C:\WINDOWS\SYSTEM32\kernel.appcore.dll
0x00007ffb41a40000 - 0x00007ffb41a4a000 	C:\Program Files\Java\jdk-19\bin\jimage.dll
0x00007ffb54400000 - 0x00007ffb5462e000 	C:\WINDOWS\SYSTEM32\DBGHELP.DLL
0x00007ffb59100000 - 0x00007ffb59489000 	C:\WINDOWS\System32\combase.dll
0x00007ffb57cb0000 - 0x00007ffb57d87000 	C:\WINDOWS\System32\OLEAUT32.dll
0x00007ffb37d80000 - 0x00007ffb37db2000 	C:\WINDOWS\SYSTEM32\dbgcore.DLL
0x00007ffb56aa0000 - 0x00007ffb56b1b000 	C:\WINDOWS\System32\bcryptPrimitives.dll
0x00007ffb40780000 - 0x00007ffb407bc000 	C:\Program Files\Java\jdk-19\bin\jdwp.dll
0x00007ffb41a30000 - 0x00007ffb41a3e000 	C:\Program Files\Java\jdk-19\bin\instrument.dll
0x00007ffb40750000 - 0x00007ffb40776000 	C:\Program Files\Java\jdk-19\bin\java.dll
0x00007ffb0b100000 - 0x00007ffb0b1d7000 	C:\Program Files\Java\jdk-19\bin\jsvml.dll
0x00007ffb585c0000 - 0x00007ffb58dba000 	C:\WINDOWS\System32\SHELL32.dll
0x00007ffb54a30000 - 0x00007ffb552fe000 	C:\WINDOWS\SYSTEM32\windows.storage.dll
0x00007ffb548f0000 - 0x00007ffb54a2e000 	C:\WINDOWS\SYSTEM32\wintypes.dll
0x00007ffb576e0000 - 0x00007ffb577d1000 	C:\WINDOWS\System32\SHCORE.dll
0x00007ffb57ab0000 - 0x00007ffb57b0e000 	C:\WINDOWS\System32\shlwapi.dll
0x00007ffb56960000 - 0x00007ffb56981000 	C:\WINDOWS\SYSTEM32\profapi.dll
0x00007ffb41920000 - 0x00007ffb4192c000 	C:\Program Files\Java\jdk-19\bin\dt_socket.dll
0x00007ffb55560000 - 0x00007ffb5558d000 	C:\WINDOWS\SYSTEM32\IPHLPAPI.DLL
0x00007ffb55ef0000 - 0x00007ffb55f59000 	C:\WINDOWS\system32\mswsock.dll
0x00007ffb55590000 - 0x00007ffb55683000 	C:\WINDOWS\SYSTEM32\DNSAPI.dll
0x00007ffb590f0000 - 0x00007ffb590f9000 	C:\WINDOWS\System32\NSI.dll
0x00007ffb4ce60000 - 0x00007ffb4ce6a000 	C:\Windows\System32\rasadhlp.dll
0x00007ffb48510000 - 0x00007ffb48594000 	C:\WINDOWS\System32\fwpuclnt.dll
0x00007ffb40bb0000 - 0x00007ffb40bc8000 	C:\Program Files\Java\jdk-19\bin\zip.dll
0x00007ffb3fbd0000 - 0x00007ffb3fbe3000 	C:\Program Files\Java\jdk-19\bin\net.dll
0x00007ffb4efb0000 - 0x00007ffb4f0e7000 	C:\WINDOWS\SYSTEM32\WINHTTP.dll
0x00007ffb3fbb0000 - 0x00007ffb3fbc6000 	C:\Program Files\Java\jdk-19\bin\nio.dll

dbghelp: loaded successfully - version: 4.0.5 - missing functions: none
symbol engine: initialized successfully - sym options: 0x614 - pdb path: .;C:\Program Files\Java\jdk-19\bin;C:\WINDOWS\SYSTEM32;C:\WINDOWS\WinSxS\amd64_microsoft.windows.common-controls_6595b64144ccf1df_6.0.22621.1635_none_270f70857386168e;C:\Program Files\Java\jdk-19\bin\server

VM Arguments:
jvm_args: -XX:+ShowCodeDetailsInExceptionMessages -agentlib:jdwp=transport=dt_socket,suspend=y,address=localhost:54805 -javaagent:C:\Users\chait\eclipse\java-2021-06\eclipse\configuration\org.eclipse.osgi\222\0\.cp\lib\javaagent-shaded.jar -Dfile.encoding=UTF-8 
java_command: com.arraybasedprograms.ArrayIntialize
java_class_path (initial): C:\Users\chait\eclipse-workspace\MyWorkspace\SampleProject\target\classes;C:\Users\chait\.p2\pool\plugins\org.testng_7.4.0.r202105021533.jar;C:\Users\chait\.p2\pool\plugins\com.beust.jcommander_1.78.0.jar;C:\Users\chait\.p2\pool\plugins\org.apache-extras.beanshell.bsh_2.0.0.b6.jar;C:\Users\chait\.p2\pool\plugins\org.yaml.snakeyaml_1.21.0.jar;C:\Users\chait\.p2\pool\plugins\org.webjars.jquery_3.5.1.jar;C:\Java-Selenium\poi-5.0.0\lib\commons-codec-1.15.jar;C:\Java-Selenium\poi-5.0.0\lib\commons-collections4-4.4.jar;C:\Java-Selenium\poi-5.0.0\lib\commons-math3-3.6.1.jar;C:\Java-Selenium\poi-5.0.0\lib\SparseBitSet-1.2.jar;C:\Java-Selenium\poi-5.0.0\poi-5.0.0.jar;C:\Java-Selenium\poi-5.0.0\poi-examples-5.0.0.jar;C:\Java-Selenium\poi-5.0.0\poi-excelant-5.0.0.jar;C:\Java-Selenium\poi-5.0.0\poi-integration-5.0.0.jar;C:\Java-Selenium\poi-5.0.0\poi-ooxml-5.0.0.jar;C:\Java-Selenium\poi-5.0.0\poi-ooxml-full-5.0.0.jar;C:\Java-Selenium\poi-5.0.0\poi-ooxml-lite-5.0.0.jar;C:\Java-Selenium\poi-5.0.0\poi-scratchpad-5.0.0.jar;C:\Java-Selenium\poi-5.0.0\ooxml-lib\commons-compress-1.20.jar;C:\Java-Selenium\poi-5.0.0\ooxml-lib\curvesapi-1.06.jar;C:\Java-Selenium\poi-5.0.0\ooxml-lib\xmlbeans-4.0.0.jar;C:\Users\chait\.m2\repository\org\seleniumhq\selenium\selenium-java\2.53.0\selenium-java-2.53.0.jar;C:\Users\chait\.m2\repository\org\seleniumhq\selenium\selenium-edge-driver\2.53.0\selenium-edge-driver-2.53.0.jar;C:\Users\chait\.m2\repository\org\seleniumhq\selenium\selenium-safari-driver\2.53.0\selenium-safari-driver-2.53.0.jar;C:\Users\chait\.m2\repository\io\netty\netty\3.5.7.Final\netty-3.5.7.Final.jar;C:\Users\chait\.m2\repository\org\seleniumhq\selenium\selenium-support\2.53.0\selenium-support-2.53.0.jar;C:\Users\chait\.m2\repository\org\seleniumhq\selenium\selenium-leg-rc\2.53.0\selenium-leg-rc-2.53.0.jar;C:\Users\chait\.m2\repository\org\seleniumhq\selenium\selenium-firefox-driver\2.53.0\selenium-firefox-driver-2.53.0.jar;C:\Users\chait\.m2\repository\org\seleniumhq\selenium\selenium-remote-driver\2.53.0\selenium-remote-driver-2.53.0.jar;C:\Users\chait\.m2\repository\cglib\cglib-nodep\2.1_3\cglib-nodep-2.1_3.jar;C:\Users\chait\.m2\repository\com\google\code\gson\gson\2.3.1\gson-2.3.1.jar;C:\Users\chait\.m2\repository\org\seleniumhq\selenium\selenium-api\2.53.0\selenium-api-2.53.0.jar;C:\Users\chait\.m2\repository\com\google\guava\guava\19.0\guava-19.0.jar;C:\Users\chait\.m2\repository\commons-io\commons-io\2.4\commons-io-2.4.jar;C:\Users\chait\.m2\repository\org\apache\commons\commons-exec\1.3\commons-exec-1.3.jar;C:\Users\chait\.m2\repository\org\seleniumhq\selenium\selenium-ie-driver\2.53.0\selenium-ie-driver-2.53.0.jar;C:\Users\chait\.m2\repository\net\java\dev\jna\jna\4.1.0\jna-4.1.0.jar;C:\Users\chait\.m2\repository\net\java\dev\jna\jna-platform\4.1.0\jna-platform-4.1.0.jar;C:\Users\chait\.m2\repository\org\seleniumhq\selenium\selenium-chrome-driver\2.53.0\selenium-chrome-driver-2.53.0.jar;C:\Users\chait\.m2\repository\xml-apis\xml-apis\1.4.01\xml-apis-1.4.01.jar;C:\Users\chait\.m2\repository\io\rest-assured\rest-assured\4.4.0\rest-assured-4.4.0.jar;C:\Users\chait\.m2\repository\org\codehaus\groovy\groovy\3.0.8\groovy-3.0.8.jar;C:\Users\chait\.m2\repository\org\codehaus\groovy\groovy-xml\3.0.8\groovy-xml-3.0.8.jar;C:\Users\chait\.m2\repository\org\apache\httpcomponents\httpclient\4.5.13\httpclient-4.5.13.jar;C:\Users\chait\.m2\repository\org\apache\httpcomponents\httpcore\4.4.13\httpcore-4.4.13.jar;C:\Users\chait\.m2\repository\commons-logging\commons-logging\1.2\commons-logging-1.2.jar;C:\Users\chait\.m2\repository\commons-codec\commons-codec\1.11\commons-codec-1.11.jar;C:\Users\chait\.m2\repository\org\apache\httpcomponents\httpmime\4.5.13\httpmime-4.5.13.jar;C:\Users\chait\.m2\repository\org\hamcrest\hamcrest\2.1\hamcrest-2.1.jar;C:\Users\chait\.m2\repository\org\ccil\cowan\tagsoup\tagsoup\1.2.1\tagsoup-1.2.1.jar;C:\Users\chait\.m2\repository\io\rest-assured\json-path\4.4.0\json-path-4.4.0.jar;C:\Users\chait\.m2\repository\org\codehaus\groovy\groovy-json\3.0.8\groovy-json-3.0.8.jar;C:\Users\chait\.m2\repository\io\rest-assured\rest-assured-common\4.4.0\rest-assured-common-4.4.0.jar;C:\Users\chait\.m2\repository\io\rest-assured\xml-path\4.4.0\xml-path-4.4.0.jar;C:\Users\chait\.m2\repository\org\apache\commons\commons-lang3\3.11\commons-lang3-3.11.jar;C:\Users\chait\.m2\repository\jakarta\xml\bind\jakarta.xml.bind-api\2.3.3\jakarta.xml.bind-api-2.3.3.jar;C:\Users\chait\.m2\repository\jakarta\activation\jakarta.activation-api\1.2.2\jakarta.activation-api-1.2.2.jar;C:\Users\chait\.m2\repository\com\sun\xml\bind\jaxb-impl\2.3.3\jaxb-impl-2.3.3.jar
Launcher Type: SUN_STANDARD

[Global flags]
     intx CICompilerCount                          = 4                                         {product} {ergonomic}
     uint ConcGCThreads                            = 2                                         {product} {ergonomic}
     uint G1ConcRefinementThreads                  = 8                                         {product} {ergonomic}
   size_t G1HeapRegionSize                         = 2097152                                   {product} {ergonomic}
    uintx GCDrainStackTargetSize                   = 64                                        {product} {ergonomic}
   size_t InitialHeapSize                          = 266338304                                 {product} {ergonomic}
   size_t MarkStackSize                            = 4194304                                   {product} {ergonomic}
   size_t MaxHeapSize                              = 4244635648                                {product} {ergonomic}
   size_t MaxNewSize                               = 2545942528                                {product} {ergonomic}
   size_t MinHeapDeltaBytes                        = 2097152                                   {product} {ergonomic}
   size_t MinHeapSize                              = 8388608                                   {product} {ergonomic}
    uintx NonNMethodCodeHeapSize                   = 5839372                                {pd product} {ergonomic}
    uintx NonProfiledCodeHeapSize                  = 122909434                              {pd product} {ergonomic}
    uintx ProfiledCodeHeapSize                     = 122909434                              {pd product} {ergonomic}
    uintx ReservedCodeCacheSize                    = 251658240                              {pd product} {ergonomic}
     bool SegmentedCodeCache                       = true                                      {product} {ergonomic}
     bool ShowCodeDetailsInExceptionMessages       = true                                   {manageable} {command line}
   size_t SoftMaxHeapSize                          = 4244635648                             {manageable} {ergonomic}
     bool UseCompressedClassPointers               = true                           {product lp64_product} {ergonomic}
     bool UseCompressedOops                        = true                           {product lp64_product} {ergonomic}
     bool UseG1GC                                  = true                                      {product} {ergonomic}
     bool UseLargePagesIndividualAllocation        = false                                  {pd product} {ergonomic}

Logging:
Log output configuration:
 #0: stdout all=warning uptime,level,tags foldmultilines=false
 #1: stderr all=off uptime,level,tags foldmultilines=false

Environment Variables:
JAVA_HOME=C:\Program Files\Java\jdk-20
PATH=C:\Program Files\Common Files\Oracle\Java\javapath;C:\Program Files (x86)\Intel\Intel(R) Management Engine Components\iCLS\;C:\Program Files\Intel\Intel(R) Management Engine Components\iCLS\;C:\WINDOWS\system32;C:\WINDOWS;C:\WINDOWS\System32\Wbem;C:\WINDOWS\System32\WindowsPowerShell\v1.0\;C:\WINDOWS\System32\OpenSSH\;C:\Program Files\Intel\WiFi\bin\;C:\Program Files\Common Files\Intel\WirelessCommon\;C:\Program Files\Microsoft SQL Server\130\Tools\Binn\;C:\Program Files\Microsoft SQL Server\Client SDK\ODBC\170\Tools\Binn\;C:\Program Files\Git\cmd;C:\Program Files\apache-maven-3.8.4\lib;C:\Program Files\apache-maven-3.9.2\bin;C:\Program Files\dotnet\;C:\Program Files\Java\jdk-20\bin;C:\Users\chait\AppData\Local\Microsoft\WindowsApps;;C:\Users\chait\AppData\Local\Programs\Microsoft VS Code\bin;C:\Users\chait\.dotnet\tools
USERNAME=chait
OS=Windows_NT
PROCESSOR_IDENTIFIER=Intel64 Family 6 Model 142 Stepping 11, GenuineIntel
TMP=C:\Users\chait\AppData\Local\Temp
TEMP=C:\Users\chait\AppData\Local\Temp



---------------  S Y S T E M  ---------------

OS:
 Windows 11 , 64 bit Build 22621 (10.0.22621.1635)
OS uptime: 6 days 12:55 hours

CPU: total 8 (initial active 8) (4 cores per cpu, 2 threads per core) family 6 model 142 stepping 11 microcode 0xde, cx8, cmov, fxsr, ht, mmx, 3dnowpref, sse, sse2, sse3, ssse3, sse4.1, sse4.2, popcnt, lzcnt, tsc, tscinvbit, avx, avx2, aes, erms, clmul, bmi1, bmi2, adx, fma, vzeroupper, clflush, clflushopt, rdtscp

Memory: 4k page, system-wide physical 16191M (2035M free)
TotalPageFile size 62673M (AvailPageFile size 121M)
current process WorkingSet (physical memory assigned to process): 50M, peak: 50M
current process commit charge ("private bytes"): 347M, peak: 347M

vm_info: Java HotSpot(TM) 64-Bit Server VM (19.0.2+7-44) for windows-amd64 JRE (19.0.2+7-44), built on 2022-11-30T18:02:09Z by "mach5one" with MS VC++ 17.1 (VS2022)

END.
