#
# There is insufficient memory for the Java Runtime Environment to continue.
# Native memory allocation (mmap) failed to map 65536 bytes for Failed to commit metaspace.
# Possible reasons:
#   The system is out of physical RAM or swap space
#   The process is running with CompressedOops enabled, and the Java Heap may be blocking the growth of the native heap
# Possible solutions:
#   Reduce memory load on the system
#   Increase physical memory or swap space
#   Check if swap backing store is full
#   Decrease Java heap size (-Xmx/-Xms)
#   Decrease number of Java threads
#   Decrease Java thread stack sizes (-Xss)
#   Set larger code cache with -XX:ReservedCodeCacheSize=
#   JVM is running with Zero Based Compressed Oops mode in which the Java heap is
#     placed in the first 32GB address space. The Java Heap base address is the
#     maximum limit for the native heap growth. Please use -XX:HeapBaseMinAddress
#     to set the Java Heap base and to place the Java Heap above 32GB virtual address.
# This output file may be truncated or incomplete.
#
#  Out of Memory Error (virtualSpaceNode.cpp:110), pid=41280, tid=42072
#
# JRE version: Java(TM) SE Runtime Environment (19.0.2+7) (build 19.0.2+7-44)
# Java VM: Java HotSpot(TM) 64-Bit Server VM (19.0.2+7-44, mixed mode, sharing, tiered, compressed oops, compressed class ptrs, g1 gc, windows-amd64)
# No core dump will be written. Minidumps are not enabled by default on client versions of Windows
#

---------------  S U M M A R Y ------------

Command Line: -XX:+ShowCodeDetailsInExceptionMessages -agentlib:jdwp=transport=dt_socket,suspend=y,address=localhost:54854 -javaagent:C:\Users\chait\eclipse\java-2021-06\eclipse\configuration\org.eclipse.osgi\222\0\.cp\lib\javaagent-shaded.jar -Dfile.encoding=UTF-8 com.arraybasedprograms.ArrayIntialize

Host: Intel(R) Core(TM) i7-8565U CPU @ 1.80GHz, 8 cores, 15G,  Windows 11 , 64 bit Build 22621 (10.0.22621.1635)
Time: Tue Jun 13 08:51:42 2023 India Standard Time elapsed time: 5.220247 seconds (0d 0h 0m 5s)

---------------  T H R E A D  ---------------

Current thread (0x0000023cbf88f4b0):  JavaThread "main" [_thread_in_vm, id=42072, stack(0x000000bdc8500000,0x000000bdc8600000)]

Stack: [0x000000bdc8500000,0x000000bdc8600000]
Native frames: (J=compiled Java code, j=interpreted, Vv=VM code, C=native code)
V  [jvm.dll+0x6ee21a]
V  [jvm.dll+0x85765e]
V  [jvm.dll+0x85904e]
V  [jvm.dll+0x859703]
V  [jvm.dll+0x28298f]
V  [jvm.dll+0x8532db]
V  [jvm.dll+0x692cb6]
V  [jvm.dll+0x692d1a]
V  [jvm.dll+0x695613]
V  [jvm.dll+0x6954de]
V  [jvm.dll+0x6936de]
V  [jvm.dll+0x69dd07]
V  [jvm.dll+0x21e072]
V  [jvm.dll+0x21e5a5]
V  [jvm.dll+0x21ef01]
V  [jvm.dll+0x2146a1]
V  [jvm.dll+0x5a9cb6]
V  [jvm.dll+0x2257aa]
V  [jvm.dll+0x7cc802]
V  [jvm.dll+0x7cdc4a]
V  [jvm.dll+0x7ce3cd]
V  [jvm.dll+0x21c784]
V  [jvm.dll+0x21ee4d]
V  [jvm.dll+0x2146a1]
V  [jvm.dll+0x5a9cb6]
V  [jvm.dll+0x2257aa]
V  [jvm.dll+0x7cc802]
V  [jvm.dll+0x7cdc4a]
V  [jvm.dll+0x7cdf78]
V  [jvm.dll+0x271e1b]
V  [jvm.dll+0x3da25e]
C  0x0000023cced58bdd

Java frames: (J=compiled Java code, j=interpreted, Vv=VM code)
j  sun.security.x509.X509CertInfo.parse(Lsun/security/util/DerValue;)V+88 java.base@19.0.2
j  sun.security.x509.X509CertInfo.<init>(Lsun/security/util/DerValue;)V+67 java.base@19.0.2
j  sun.security.x509.X509CertImpl.parse(Lsun/security/util/DerValue;)V+228 java.base@19.0.2
j  sun.security.x509.X509CertImpl.<init>([B)V+50 java.base@19.0.2
j  sun.security.provider.X509Factory.cachedGetX509Cert([B)Lsun/security/x509/X509CertImpl;+22 java.base@19.0.2
j  sun.security.provider.X509Factory.engineGenerateCertificate(Ljava/io/InputStream;)Ljava/security/cert/Certificate;+33 java.base@19.0.2
j  java.security.cert.CertificateFactory.generateCertificate(Ljava/io/InputStream;)Ljava/security/cert/Certificate;+5 java.base@19.0.2
j  sun.security.pkcs.PKCS7.parseSignedData(Lsun/security/util/DerValue;)V+279 java.base@19.0.2
j  sun.security.pkcs.PKCS7.parse(Lsun/security/util/DerInputStream;Z)V+36 java.base@19.0.2
j  sun.security.pkcs.PKCS7.parse(Lsun/security/util/DerInputStream;)V+11 java.base@19.0.2
j  sun.security.pkcs.PKCS7.<init>([B)V+50 java.base@19.0.2
j  sun.security.util.SignatureFileVerifier.<init>(Ljava/util/ArrayList;Lsun/security/util/ManifestDigester;Ljava/lang/String;[B)V+40 java.base@19.0.2
j  java.util.jar.JarVerifier.processEntry(Lsun/security/util/ManifestEntryVerifier;)V+319 java.base@19.0.2
j  java.util.jar.JarVerifier.update(I[BIILsun/security/util/ManifestEntryVerifier;)V+39 java.base@19.0.2
j  java.util.jar.JarFile.initializeVerifier()V+164 java.base@19.0.2
j  java.util.jar.JarFile.ensureInitialization()V+36 java.base@19.0.2
j  java.util.jar.JavaUtilJarAccessImpl.ensureInitialization(Ljava/util/jar/JarFile;)V+1 java.base@19.0.2
j  jdk.internal.loader.URLClassPath$JarLoader$2.getManifest()Ljava/util/jar/Manifest;+10 java.base@19.0.2
j  jdk.internal.loader.BuiltinClassLoader.defineClass(Ljava/lang/String;Ljdk/internal/loader/Resource;)Ljava/lang/Class;+29 java.base@19.0.2
j  jdk.internal.loader.BuiltinClassLoader.findClassOnClassPathOrNull(Ljava/lang/String;)Ljava/lang/Class;+37 java.base@19.0.2
j  jdk.internal.loader.BuiltinClassLoader.loadClassOrNull(Ljava/lang/String;Z)Ljava/lang/Class;+111 java.base@19.0.2
j  jdk.internal.loader.BuiltinClassLoader.loadClass(Ljava/lang/String;Z)Ljava/lang/Class;+3 java.base@19.0.2
j  jdk.internal.loader.ClassLoaders$AppClassLoader.loadClass(Ljava/lang/String;Z)Ljava/lang/Class;+36 java.base@19.0.2
j  java.lang.ClassLoader.loadClass(Ljava/lang/String;)Ljava/lang/Class;+3 java.base@19.0.2
j  sun.instrument.InstrumentationImpl.loadClassAndStartAgent(Ljava/lang/String;Ljava/lang/String;Ljava/lang/String;)V+8 java.instrument@19.0.2
j  sun.instrument.InstrumentationImpl.loadClassAndCallPremain(Ljava/lang/String;Ljava/lang/String;)V+6 java.instrument@19.0.2
v  ~StubRoutines::call_stub 0x0000023cced2100e

---------------  P R O C E S S  ---------------

Threads class SMR info:
_java_thread_list=0x0000023ce2bb73e0, length=14, elements={
0x0000023cbf88f4b0, 0x0000023ce2bc8350, 0x0000023ce2bc97c0, 0x0000023ce2bcc300,
0x0000023ce2bcf5f0, 0x0000023ce2bd2130, 0x0000023ce2bd5620, 0x0000023ce2bd6280,
0x0000023ce2be6490, 0x0000023ce2bef730, 0x0000023ce70d0500, 0x0000023ce71fc350,
0x0000023ce7245150, 0x0000023ce7247a30
}
_to_delete_list=0x0000023ce71a82f0
Skipping _to_delete_list fields and contents for safety.

Java Threads: ( => current thread )
=>0x0000023cbf88f4b0 JavaThread "main" [_thread_in_vm, id=42072, stack(0x000000bdc8500000,0x000000bdc8600000)]
  0x0000023ce2bc8350 JavaThread "Reference Handler" daemon [_thread_blocked, id=42816, stack(0x000000bdc8c00000,0x000000bdc8d00000)]
  0x0000023ce2bc97c0 JavaThread "Finalizer" daemon [_thread_blocked, id=42820, stack(0x000000bdc8d00000,0x000000bdc8e00000)]
  0x0000023ce2bcc300 JavaThread "Signal Dispatcher" daemon [_thread_blocked, id=42824, stack(0x000000bdc8e00000,0x000000bdc8f00000)]
  0x0000023ce2bcf5f0 JavaThread "Attach Listener" daemon [_thread_blocked, id=42828, stack(0x000000bdc8f00000,0x000000bdc9000000)]
  0x0000023ce2bd2130 JavaThread "Service Thread" daemon [_thread_blocked, id=42832, stack(0x000000bdc9000000,0x000000bdc9100000)]
  0x0000023ce2bd5620 JavaThread "Monitor Deflation Thread" daemon [_thread_blocked, id=42836, stack(0x000000bdc9100000,0x000000bdc9200000)]
  0x0000023ce2bd6280 JavaThread "C2 CompilerThread0" daemon [_thread_blocked, id=42840, stack(0x000000bdc9200000,0x000000bdc9300000)]
  0x0000023ce2be6490 JavaThread "C1 CompilerThread0" daemon [_thread_blocked, id=42844, stack(0x000000bdc9300000,0x000000bdc9400000)]
  0x0000023ce2bef730 JavaThread "Sweeper thread" daemon [_thread_blocked, id=42848, stack(0x000000bdc9400000,0x000000bdc9500000)]
  0x0000023ce70d0500 JavaThread "Common-Cleaner" daemon [_thread_blocked, id=43012, stack(0x000000bdc9500000,0x000000bdc9600000)]
  0x0000023ce71fc350 JavaThread "JDWP Transport Listener: dt_socket" daemon [_thread_blocked, id=43060, stack(0x000000bdc9600000,0x000000bdc9700000)]
  0x0000023ce7245150 JavaThread "JDWP Event Helper Thread" daemon [_thread_blocked, id=43068, stack(0x000000bdc9700000,0x000000bdc9800000)]
  0x0000023ce7247a30 JavaThread "JDWP Command Reader" daemon [_thread_in_native, id=43144, stack(0x000000bdc9800000,0x000000bdc9900000)]

Other Threads:
  0x0000023ce2bae600 VMThread "VM Thread" [stack: 0x000000bdc8b00000,0x000000bdc8c00000] [id=42512] _threads_hazard_ptr=0x0000023ce2bb73e0
  0x0000023cbf900db0 WorkerThread "GC Thread#0" [stack: 0x000000bdc8600000,0x000000bdc8700000] [id=42388]
  0x0000023cbf911a10 ConcurrentGCThread "G1 Main Marker" [stack: 0x000000bdc8700000,0x000000bdc8800000] [id=42392]
  0x0000023cbf913450 WorkerThread "G1 Conc#0" [stack: 0x000000bdc8800000,0x000000bdc8900000] [id=42396]
  0x0000023cbf94e960 ConcurrentGCThread "G1 Refine#0" [stack: 0x000000bdc8900000,0x000000bdc8a00000] [id=42472]
  0x0000023ce2a67580 ConcurrentGCThread "G1 Service" [stack: 0x000000bdc8a00000,0x000000bdc8b00000] [id=42476]

Threads with active compile tasks:

VM state: synchronizing (normal execution)

VM Mutex/Monitor currently owned by a thread:  ([mutex/lock_event])
[0x0000023cbf88a140] Metaspace_lock - owner thread: 0x0000023cbf88f4b0
[0x0000023cbf88b780] Threads_lock - owner thread: 0x0000023ce2bae600

Heap address: 0x0000000703000000, size: 4048 MB, Compressed Oops mode: Zero based, Oop shift amount: 3

CDS archive(s) mapped at: [0x0000000800000000-0x0000000800c40000-0x0000000800c40000), size 12845056, SharedBaseAddress: 0x0000000800000000, ArchiveRelocationMode: 0.
Compressed class space mapped at: 0x0000000801000000-0x0000000841000000, reserved size: 1073741824
Narrow klass base: 0x0000000800000000, Narrow klass shift: 0, Narrow klass range: 0x100000000

GC Precious Log:
 CardTable entry size: 512
 Card Set container configuration: InlinePtr #cards 4 size 8 Array Of Cards #cards 16 size 48 Howl #buckets 8 coarsen threshold 3686 Howl Bitmap #cards 512 size 80 coarsen threshold 460 Card regions per heap region 1 cards per card region 4096
 CPUs: 8 total, 8 available
 Memory: 16191M
 Large Page Support: Disabled
 NUMA Support: Disabled
 Compressed Oops: Enabled (Zero based)
 Heap Region Size: 2M
 Heap Min Capacity: 8M
 Heap Initial Capacity: 254M
 Heap Max Capacity: 4048M
 Pre-touch: Disabled
 Parallel Workers: 8
 Concurrent Workers: 2
 Concurrent Refinement Workers: 8
 Periodic GC: Disabled

Heap:
 garbage-first heap   total 260096K, used 12288K [0x0000000703000000, 0x0000000800000000)
  region size 2048K, 5 young (10240K), 0 survivors (0K)
 Metaspace       used 1034K, committed 1216K, reserved 1114112K
  class space    used 71K, committed 192K, reserved 1048576K

Heap Regions: E=young(eden), S=young(survivor), O=old, HS=humongous(starts), HC=humongous(continues), CS=collection set, F=free, OA=open archive, CA=closed archive, TAMS=top-at-mark-start (previous, next)
|   0|0x0000000703000000, 0x0000000703200000, 0x0000000703200000|100%|HS|  |TAMS 0x0000000703000000, 0x0000000703000000| Complete 
|   1|0x0000000703200000, 0x0000000703400000, 0x0000000703400000|100%|HC|  |TAMS 0x0000000703200000, 0x0000000703200000| Complete 
|   2|0x0000000703400000, 0x0000000703400000, 0x0000000703600000|  0%| F|  |TAMS 0x0000000703400000, 0x0000000703400000| Untracked 
|   3|0x0000000703600000, 0x0000000703600000, 0x0000000703800000|  0%| F|  |TAMS 0x0000000703600000, 0x0000000703600000| Untracked 
|   4|0x0000000703800000, 0x0000000703800000, 0x0000000703a00000|  0%| F|  |TAMS 0x0000000703800000, 0x0000000703800000| Untracked 
|   5|0x0000000703a00000, 0x0000000703a00000, 0x0000000703c00000|  0%| F|  |TAMS 0x0000000703a00000, 0x0000000703a00000| Untracked 
|   6|0x0000000703c00000, 0x0000000703c00000, 0x0000000703e00000|  0%| F|  |TAMS 0x0000000703c00000, 0x0000000703c00000| Untracked 
|   7|0x0000000703e00000, 0x0000000703e00000, 0x0000000704000000|  0%| F|  |TAMS 0x0000000703e00000, 0x0000000703e00000| Untracked 
|   8|0x0000000704000000, 0x0000000704000000, 0x0000000704200000|  0%| F|  |TAMS 0x0000000704000000, 0x0000000704000000| Untracked 
|   9|0x0000000704200000, 0x0000000704200000, 0x0000000704400000|  0%| F|  |TAMS 0x0000000704200000, 0x0000000704200000| Untracked 
|  10|0x0000000704400000, 0x0000000704400000, 0x0000000704600000|  0%| F|  |TAMS 0x0000000704400000, 0x0000000704400000| Untracked 
|  11|0x0000000704600000, 0x0000000704600000, 0x0000000704800000|  0%| F|  |TAMS 0x0000000704600000, 0x0000000704600000| Untracked 
|  12|0x0000000704800000, 0x0000000704800000, 0x0000000704a00000|  0%| F|  |TAMS 0x0000000704800000, 0x0000000704800000| Untracked 
|  13|0x0000000704a00000, 0x0000000704a00000, 0x0000000704c00000|  0%| F|  |TAMS 0x0000000704a00000, 0x0000000704a00000| Untracked 
|  14|0x0000000704c00000, 0x0000000704c00000, 0x0000000704e00000|  0%| F|  |TAMS 0x0000000704c00000, 0x0000000704c00000| Untracked 
|  15|0x0000000704e00000, 0x0000000704e00000, 0x0000000705000000|  0%| F|  |TAMS 0x0000000704e00000, 0x0000000704e00000| Untracked 
|  16|0x0000000705000000, 0x0000000705000000, 0x0000000705200000|  0%| F|  |TAMS 0x0000000705000000, 0x0000000705000000| Untracked 
|  17|0x0000000705200000, 0x0000000705200000, 0x0000000705400000|  0%| F|  |TAMS 0x0000000705200000, 0x0000000705200000| Untracked 
|  18|0x0000000705400000, 0x0000000705400000, 0x0000000705600000|  0%| F|  |TAMS 0x0000000705400000, 0x0000000705400000| Untracked 
|  19|0x0000000705600000, 0x0000000705600000, 0x0000000705800000|  0%| F|  |TAMS 0x0000000705600000, 0x0000000705600000| Untracked 
|  20|0x0000000705800000, 0x0000000705800000, 0x0000000705a00000|  0%| F|  |TAMS 0x0000000705800000, 0x0000000705800000| Untracked 
|  21|0x0000000705a00000, 0x0000000705a00000, 0x0000000705c00000|  0%| F|  |TAMS 0x0000000705a00000, 0x0000000705a00000| Untracked 
|  22|0x0000000705c00000, 0x0000000705c00000, 0x0000000705e00000|  0%| F|  |TAMS 0x0000000705c00000, 0x0000000705c00000| Untracked 
|  23|0x0000000705e00000, 0x0000000705e00000, 0x0000000706000000|  0%| F|  |TAMS 0x0000000705e00000, 0x0000000705e00000| Untracked 
|  24|0x0000000706000000, 0x0000000706000000, 0x0000000706200000|  0%| F|  |TAMS 0x0000000706000000, 0x0000000706000000| Untracked 
|  25|0x0000000706200000, 0x0000000706200000, 0x0000000706400000|  0%| F|  |TAMS 0x0000000706200000, 0x0000000706200000| Untracked 
|  26|0x0000000706400000, 0x0000000706400000, 0x0000000706600000|  0%| F|  |TAMS 0x0000000706400000, 0x0000000706400000| Untracked 
|  27|0x0000000706600000, 0x0000000706600000, 0x0000000706800000|  0%| F|  |TAMS 0x0000000706600000, 0x0000000706600000| Untracked 
|  28|0x0000000706800000, 0x0000000706800000, 0x0000000706a00000|  0%| F|  |TAMS 0x0000000706800000, 0x0000000706800000| Untracked 
|  29|0x0000000706a00000, 0x0000000706a00000, 0x0000000706c00000|  0%| F|  |TAMS 0x0000000706a00000, 0x0000000706a00000| Untracked 
|  30|0x0000000706c00000, 0x0000000706c00000, 0x0000000706e00000|  0%| F|  |TAMS 0x0000000706c00000, 0x0000000706c00000| Untracked 
|  31|0x0000000706e00000, 0x0000000706e00000, 0x0000000707000000|  0%| F|  |TAMS 0x0000000706e00000, 0x0000000706e00000| Untracked 
|  32|0x0000000707000000, 0x0000000707000000, 0x0000000707200000|  0%| F|  |TAMS 0x0000000707000000, 0x0000000707000000| Untracked 
|  33|0x0000000707200000, 0x0000000707200000, 0x0000000707400000|  0%| F|  |TAMS 0x0000000707200000, 0x0000000707200000| Untracked 
|  34|0x0000000707400000, 0x0000000707400000, 0x0000000707600000|  0%| F|  |TAMS 0x0000000707400000, 0x0000000707400000| Untracked 
|  35|0x0000000707600000, 0x0000000707600000, 0x0000000707800000|  0%| F|  |TAMS 0x0000000707600000, 0x0000000707600000| Untracked 
|  36|0x0000000707800000, 0x0000000707800000, 0x0000000707a00000|  0%| F|  |TAMS 0x0000000707800000, 0x0000000707800000| Untracked 
|  37|0x0000000707a00000, 0x0000000707a00000, 0x0000000707c00000|  0%| F|  |TAMS 0x0000000707a00000, 0x0000000707a00000| Untracked 
|  38|0x0000000707c00000, 0x0000000707c00000, 0x0000000707e00000|  0%| F|  |TAMS 0x0000000707c00000, 0x0000000707c00000| Untracked 
|  39|0x0000000707e00000, 0x0000000707e00000, 0x0000000708000000|  0%| F|  |TAMS 0x0000000707e00000, 0x0000000707e00000| Untracked 
|  40|0x0000000708000000, 0x0000000708000000, 0x0000000708200000|  0%| F|  |TAMS 0x0000000708000000, 0x0000000708000000| Untracked 
|  41|0x0000000708200000, 0x0000000708200000, 0x0000000708400000|  0%| F|  |TAMS 0x0000000708200000, 0x0000000708200000| Untracked 
|  42|0x0000000708400000, 0x0000000708400000, 0x0000000708600000|  0%| F|  |TAMS 0x0000000708400000, 0x0000000708400000| Untracked 
|  43|0x0000000708600000, 0x0000000708600000, 0x0000000708800000|  0%| F|  |TAMS 0x0000000708600000, 0x0000000708600000| Untracked 
|  44|0x0000000708800000, 0x0000000708800000, 0x0000000708a00000|  0%| F|  |TAMS 0x0000000708800000, 0x0000000708800000| Untracked 
|  45|0x0000000708a00000, 0x0000000708a00000, 0x0000000708c00000|  0%| F|  |TAMS 0x0000000708a00000, 0x0000000708a00000| Untracked 
|  46|0x0000000708c00000, 0x0000000708c00000, 0x0000000708e00000|  0%| F|  |TAMS 0x0000000708c00000, 0x0000000708c00000| Untracked 
|  47|0x0000000708e00000, 0x0000000708e00000, 0x0000000709000000|  0%| F|  |TAMS 0x0000000708e00000, 0x0000000708e00000| Untracked 
|  48|0x0000000709000000, 0x0000000709000000, 0x0000000709200000|  0%| F|  |TAMS 0x0000000709000000, 0x0000000709000000| Untracked 
|  49|0x0000000709200000, 0x0000000709200000, 0x0000000709400000|  0%| F|  |TAMS 0x0000000709200000, 0x0000000709200000| Untracked 
|  50|0x0000000709400000, 0x0000000709400000, 0x0000000709600000|  0%| F|  |TAMS 0x0000000709400000, 0x0000000709400000| Untracked 
|  51|0x0000000709600000, 0x0000000709600000, 0x0000000709800000|  0%| F|  |TAMS 0x0000000709600000, 0x0000000709600000| Untracked 
|  52|0x0000000709800000, 0x0000000709800000, 0x0000000709a00000|  0%| F|  |TAMS 0x0000000709800000, 0x0000000709800000| Untracked 
|  53|0x0000000709a00000, 0x0000000709a00000, 0x0000000709c00000|  0%| F|  |TAMS 0x0000000709a00000, 0x0000000709a00000| Untracked 
|  54|0x0000000709c00000, 0x0000000709c00000, 0x0000000709e00000|  0%| F|  |TAMS 0x0000000709c00000, 0x0000000709c00000| Untracked 
|  55|0x0000000709e00000, 0x0000000709e00000, 0x000000070a000000|  0%| F|  |TAMS 0x0000000709e00000, 0x0000000709e00000| Untracked 
|  56|0x000000070a000000, 0x000000070a000000, 0x000000070a200000|  0%| F|  |TAMS 0x000000070a000000, 0x000000070a000000| Untracked 
|  57|0x000000070a200000, 0x000000070a200000, 0x000000070a400000|  0%| F|  |TAMS 0x000000070a200000, 0x000000070a200000| Untracked 
|  58|0x000000070a400000, 0x000000070a400000, 0x000000070a600000|  0%| F|  |TAMS 0x000000070a400000, 0x000000070a400000| Untracked 
|  59|0x000000070a600000, 0x000000070a600000, 0x000000070a800000|  0%| F|  |TAMS 0x000000070a600000, 0x000000070a600000| Untracked 
|  60|0x000000070a800000, 0x000000070a800000, 0x000000070aa00000|  0%| F|  |TAMS 0x000000070a800000, 0x000000070a800000| Untracked 
|  61|0x000000070aa00000, 0x000000070aa00000, 0x000000070ac00000|  0%| F|  |TAMS 0x000000070aa00000, 0x000000070aa00000| Untracked 
|  62|0x000000070ac00000, 0x000000070ac00000, 0x000000070ae00000|  0%| F|  |TAMS 0x000000070ac00000, 0x000000070ac00000| Untracked 
|  63|0x000000070ae00000, 0x000000070ae00000, 0x000000070b000000|  0%| F|  |TAMS 0x000000070ae00000, 0x000000070ae00000| Untracked 
|  64|0x000000070b000000, 0x000000070b000000, 0x000000070b200000|  0%| F|  |TAMS 0x000000070b000000, 0x000000070b000000| Untracked 
|  65|0x000000070b200000, 0x000000070b200000, 0x000000070b400000|  0%| F|  |TAMS 0x000000070b200000, 0x000000070b200000| Untracked 
|  66|0x000000070b400000, 0x000000070b400000, 0x000000070b600000|  0%| F|  |TAMS 0x000000070b400000, 0x000000070b400000| Untracked 
|  67|0x000000070b600000, 0x000000070b600000, 0x000000070b800000|  0%| F|  |TAMS 0x000000070b600000, 0x000000070b600000| Untracked 
|  68|0x000000070b800000, 0x000000070b800000, 0x000000070ba00000|  0%| F|  |TAMS 0x000000070b800000, 0x000000070b800000| Untracked 
|  69|0x000000070ba00000, 0x000000070ba00000, 0x000000070bc00000|  0%| F|  |TAMS 0x000000070ba00000, 0x000000070ba00000| Untracked 
|  70|0x000000070bc00000, 0x000000070bc00000, 0x000000070be00000|  0%| F|  |TAMS 0x000000070bc00000, 0x000000070bc00000| Untracked 
|  71|0x000000070be00000, 0x000000070be00000, 0x000000070c000000|  0%| F|  |TAMS 0x000000070be00000, 0x000000070be00000| Untracked 
|  72|0x000000070c000000, 0x000000070c000000, 0x000000070c200000|  0%| F|  |TAMS 0x000000070c000000, 0x000000070c000000| Untracked 
|  73|0x000000070c200000, 0x000000070c200000, 0x000000070c400000|  0%| F|  |TAMS 0x000000070c200000, 0x000000070c200000| Untracked 
|  74|0x000000070c400000, 0x000000070c400000, 0x000000070c600000|  0%| F|  |TAMS 0x000000070c400000, 0x000000070c400000| Untracked 
|  75|0x000000070c600000, 0x000000070c600000, 0x000000070c800000|  0%| F|  |TAMS 0x000000070c600000, 0x000000070c600000| Untracked 
|  76|0x000000070c800000, 0x000000070c800000, 0x000000070ca00000|  0%| F|  |TAMS 0x000000070c800000, 0x000000070c800000| Untracked 
|  77|0x000000070ca00000, 0x000000070ca00000, 0x000000070cc00000|  0%| F|  |TAMS 0x000000070ca00000, 0x000000070ca00000| Untracked 
|  78|0x000000070cc00000, 0x000000070cc00000, 0x000000070ce00000|  0%| F|  |TAMS 0x000000070cc00000, 0x000000070cc00000| Untracked 
|  79|0x000000070ce00000, 0x000000070ce00000, 0x000000070d000000|  0%| F|  |TAMS 0x000000070ce00000, 0x000000070ce00000| Untracked 
|  80|0x000000070d000000, 0x000000070d000000, 0x000000070d200000|  0%| F|  |TAMS 0x000000070d000000, 0x000000070d000000| Untracked 
|  81|0x000000070d200000, 0x000000070d200000, 0x000000070d400000|  0%| F|  |TAMS 0x000000070d200000, 0x000000070d200000| Untracked 
|  82|0x000000070d400000, 0x000000070d400000, 0x000000070d600000|  0%| F|  |TAMS 0x000000070d400000, 0x000000070d400000| Untracked 
|  83|0x000000070d600000, 0x000000070d600000, 0x000000070d800000|  0%| F|  |TAMS 0x000000070d600000, 0x000000070d600000| Untracked 
|  84|0x000000070d800000, 0x000000070d800000, 0x000000070da00000|  0%| F|  |TAMS 0x000000070d800000, 0x000000070d800000| Untracked 
|  85|0x000000070da00000, 0x000000070da00000, 0x000000070dc00000|  0%| F|  |TAMS 0x000000070da00000, 0x000000070da00000| Untracked 
|  86|0x000000070dc00000, 0x000000070dc00000, 0x000000070de00000|  0%| F|  |TAMS 0x000000070dc00000, 0x000000070dc00000| Untracked 
|  87|0x000000070de00000, 0x000000070de00000, 0x000000070e000000|  0%| F|  |TAMS 0x000000070de00000, 0x000000070de00000| Untracked 
|  88|0x000000070e000000, 0x000000070e000000, 0x000000070e200000|  0%| F|  |TAMS 0x000000070e000000, 0x000000070e000000| Untracked 
|  89|0x000000070e200000, 0x000000070e200000, 0x000000070e400000|  0%| F|  |TAMS 0x000000070e200000, 0x000000070e200000| Untracked 
|  90|0x000000070e400000, 0x000000070e400000, 0x000000070e600000|  0%| F|  |TAMS 0x000000070e400000, 0x000000070e400000| Untracked 
|  91|0x000000070e600000, 0x000000070e600000, 0x000000070e800000|  0%| F|  |TAMS 0x000000070e600000, 0x000000070e600000| Untracked 
|  92|0x000000070e800000, 0x000000070e800000, 0x000000070ea00000|  0%| F|  |TAMS 0x000000070e800000, 0x000000070e800000| Untracked 
|  93|0x000000070ea00000, 0x000000070ea00000, 0x000000070ec00000|  0%| F|  |TAMS 0x000000070ea00000, 0x000000070ea00000| Untracked 
|  94|0x000000070ec00000, 0x000000070ec00000, 0x000000070ee00000|  0%| F|  |TAMS 0x000000070ec00000, 0x000000070ec00000| Untracked 
|  95|0x000000070ee00000, 0x000000070ee00000, 0x000000070f000000|  0%| F|  |TAMS 0x000000070ee00000, 0x000000070ee00000| Untracked 
|  96|0x000000070f000000, 0x000000070f000000, 0x000000070f200000|  0%| F|  |TAMS 0x000000070f000000, 0x000000070f000000| Untracked 
|  97|0x000000070f200000, 0x000000070f200000, 0x000000070f400000|  0%| F|  |TAMS 0x000000070f200000, 0x000000070f200000| Untracked 
|  98|0x000000070f400000, 0x000000070f400000, 0x000000070f600000|  0%| F|  |TAMS 0x000000070f400000, 0x000000070f400000| Untracked 
|  99|0x000000070f600000, 0x000000070f600000, 0x000000070f800000|  0%| F|  |TAMS 0x000000070f600000, 0x000000070f600000| Untracked 
| 100|0x000000070f800000, 0x000000070f800000, 0x000000070fa00000|  0%| F|  |TAMS 0x000000070f800000, 0x000000070f800000| Untracked 
| 101|0x000000070fa00000, 0x000000070fa00000, 0x000000070fc00000|  0%| F|  |TAMS 0x000000070fa00000, 0x000000070fa00000| Untracked 
| 102|0x000000070fc00000, 0x000000070fc00000, 0x000000070fe00000|  0%| F|  |TAMS 0x000000070fc00000, 0x000000070fc00000| Untracked 
| 103|0x000000070fe00000, 0x000000070fe00000, 0x0000000710000000|  0%| F|  |TAMS 0x000000070fe00000, 0x000000070fe00000| Untracked 
| 104|0x0000000710000000, 0x0000000710000000, 0x0000000710200000|  0%| F|  |TAMS 0x0000000710000000, 0x0000000710000000| Untracked 
| 105|0x0000000710200000, 0x0000000710200000, 0x0000000710400000|  0%| F|  |TAMS 0x0000000710200000, 0x0000000710200000| Untracked 
| 106|0x0000000710400000, 0x0000000710400000, 0x0000000710600000|  0%| F|  |TAMS 0x0000000710400000, 0x0000000710400000| Untracked 
| 107|0x0000000710600000, 0x0000000710600000, 0x0000000710800000|  0%| F|  |TAMS 0x0000000710600000, 0x0000000710600000| Untracked 
| 108|0x0000000710800000, 0x0000000710800000, 0x0000000710a00000|  0%| F|  |TAMS 0x0000000710800000, 0x0000000710800000| Untracked 
| 109|0x0000000710a00000, 0x0000000710a00000, 0x0000000710c00000|  0%| F|  |TAMS 0x0000000710a00000, 0x0000000710a00000| Untracked 
| 110|0x0000000710c00000, 0x0000000710c00000, 0x0000000710e00000|  0%| F|  |TAMS 0x0000000710c00000, 0x0000000710c00000| Untracked 
| 111|0x0000000710e00000, 0x0000000710e00000, 0x0000000711000000|  0%| F|  |TAMS 0x0000000710e00000, 0x0000000710e00000| Untracked 
| 112|0x0000000711000000, 0x0000000711000000, 0x0000000711200000|  0%| F|  |TAMS 0x0000000711000000, 0x0000000711000000| Untracked 
| 113|0x0000000711200000, 0x0000000711200000, 0x0000000711400000|  0%| F|  |TAMS 0x0000000711200000, 0x0000000711200000| Untracked 
| 114|0x0000000711400000, 0x0000000711400000, 0x0000000711600000|  0%| F|  |TAMS 0x0000000711400000, 0x0000000711400000| Untracked 
| 115|0x0000000711600000, 0x0000000711600000, 0x0000000711800000|  0%| F|  |TAMS 0x0000000711600000, 0x0000000711600000| Untracked 
| 116|0x0000000711800000, 0x0000000711800000, 0x0000000711a00000|  0%| F|  |TAMS 0x0000000711800000, 0x0000000711800000| Untracked 
| 117|0x0000000711a00000, 0x0000000711a00000, 0x0000000711c00000|  0%| F|  |TAMS 0x0000000711a00000, 0x0000000711a00000| Untracked 
| 118|0x0000000711c00000, 0x0000000711c00000, 0x0000000711e00000|  0%| F|  |TAMS 0x0000000711c00000, 0x0000000711c00000| Untracked 
| 119|0x0000000711e00000, 0x0000000711e00000, 0x0000000712000000|  0%| F|  |TAMS 0x0000000711e00000, 0x0000000711e00000| Untracked 
| 120|0x0000000712000000, 0x0000000712000000, 0x0000000712200000|  0%| F|  |TAMS 0x0000000712000000, 0x0000000712000000| Untracked 
| 121|0x0000000712200000, 0x0000000712200000, 0x0000000712400000|  0%| F|  |TAMS 0x0000000712200000, 0x0000000712200000| Untracked 
| 122|0x0000000712400000, 0x0000000712471260, 0x0000000712600000| 22%| E|  |TAMS 0x0000000712400000, 0x0000000712400000| Complete 
| 123|0x0000000712600000, 0x0000000712800000, 0x0000000712800000|100%| E|CS|TAMS 0x0000000712600000, 0x0000000712600000| Complete 
| 124|0x0000000712800000, 0x0000000712a00000, 0x0000000712a00000|100%| E|CS|TAMS 0x0000000712800000, 0x0000000712800000| Complete 
| 125|0x0000000712a00000, 0x0000000712c00000, 0x0000000712c00000|100%| E|CS|TAMS 0x0000000712a00000, 0x0000000712a00000| Complete 
| 126|0x0000000712c00000, 0x0000000712e00000, 0x0000000712e00000|100%| E|CS|TAMS 0x0000000712c00000, 0x0000000712c00000| Complete 

Card table byte_map: [0x0000023cd7310000,0x0000023cd7b00000] _byte_map_base: 0x0000023cd3af8000

Marking Bits (Prev, Next): (CMBitMap*) 0x0000023cbf9013e0, (CMBitMap*) 0x0000023cbf901420
 Prev Bits: [0x0000023cd82f0000, 0x0000023cdc230000)
 Next Bits: [0x0000023cdc230000, 0x0000023ce0170000)

Polling page: 0x0000023cbf050000

Metaspace:

Usage:
  Non-class:    963.65 KB used.
      Class:     71.30 KB used.
       Both:      1.01 MB used.

Virtual space:
  Non-class space:       64.00 MB reserved,       1.00 MB (  2%) committed,  1 nodes.
      Class space:        1.00 GB reserved,     192.00 KB ( <1%) committed,  1 nodes.
             Both:        1.06 GB reserved,       1.19 MB ( <1%) committed. 

Chunk freelists:
   Non-Class:  3.99 MB
       Class:  3.75 MB
        Both:  7.74 MB

MaxMetaspaceSize: unlimited
CompressedClassSpaceSize: 1.00 GB
Initial GC threshold: 21.00 MB
Current GC threshold: 21.00 MB
CDS: on
MetaspaceReclaimPolicy: balanced
 - commit_granule_bytes: 65536.
 - commit_granule_words: 8192.
 - virtual_space_node_default_size: 8388608.
 - enlarge_chunks_in_place: 1.
 - new_chunks_are_fully_committed: 0.
 - uncommit_free_chunks: 1.
 - use_allocation_guard: 0.


Internal statistics:

num_allocs_failed_limit: 0.
num_arena_births: 8.
num_arena_deaths: 0.
num_vsnodes_births: 2.
num_vsnodes_deaths: 0.
num_space_committed: 19.
num_space_uncommitted: 0.
num_chunks_returned_to_freelist: 0.
num_chunks_taken_from_freelist: 9.
num_chunk_merges: 0.
num_chunk_splits: 5.
num_chunks_enlarged: 3.
num_inconsistent_stats: 0.

CodeHeap 'non-profiled nmethods': size=120000Kb used=119Kb max_used=119Kb free=119881Kb
 bounds [0x0000023ccf2c0000, 0x0000023ccf530000, 0x0000023cd67f0000]
CodeHeap 'profiled nmethods': size=120000Kb used=438Kb max_used=438Kb free=119561Kb
 bounds [0x0000023cc77f0000, 0x0000023cc7a60000, 0x0000023cced20000]
CodeHeap 'non-nmethods': size=5760Kb used=1265Kb max_used=1279Kb free=4495Kb
 bounds [0x0000023cced20000, 0x0000023ccef90000, 0x0000023ccf2c0000]
 total_blobs=730 nmethods=336 adapters=305
 compilation: enabled
              stopped_count=0, restarted_count=0
 full_count=0

Compilation events (20 events):
Event: 5.200 Thread 0x0000023ce2be6490 nmethod 320 0x0000023cc7857290 code [0x0000023cc7857440, 0x0000023cc7857638]
Event: 5.200 Thread 0x0000023ce2be6490  323       3       sun.security.util.ObjectIdentifier::checkOidSize (86 bytes)
Event: 5.201 Thread 0x0000023ce2be6490 nmethod 323 0x0000023cc7857710 code [0x0000023cc7857a00, 0x0000023cc78585e8]
Event: 5.202 Thread 0x0000023ce2be6490  325       3       java.lang.invoke.MethodType::checkSlotCount (33 bytes)
Event: 5.203 Thread 0x0000023ce2be6490 nmethod 325 0x0000023cc7858b10 code [0x0000023cc7858d40, 0x0000023cc7859368]
Event: 5.203 Thread 0x0000023ce2bd6280  326       4       java.lang.StringLatin1::indexOf (36 bytes)
Event: 5.203 Thread 0x0000023ce2be6490  327       3       java.lang.invoke.MethodType::parameterType (7 bytes)
Event: 5.203 Thread 0x0000023ce2be6490 nmethod 327 0x0000023cc7859610 code [0x0000023cc78597a0, 0x0000023cc78598d8]
Event: 5.204 Thread 0x0000023ce2be6490  328       3       java.lang.invoke.MethodType::makeImpl (109 bytes)
Event: 5.209 Thread 0x0000023ce2bd6280 nmethod 326 0x0000023ccf2dd490 code [0x0000023ccf2dd620, 0x0000023ccf2dd7f8]
Event: 5.209 Thread 0x0000023ce2be6490 nmethod 328 0x0000023cc7859990 code [0x0000023cc7859c40, 0x0000023cc785aab8]
Event: 5.209 Thread 0x0000023ce2be6490  329       3       java.lang.invoke.MethodType::<init> (15 bytes)
Event: 5.209 Thread 0x0000023ce2be6490 nmethod 329 0x0000023cc785af90 code [0x0000023cc785b140, 0x0000023cc785b378]
Event: 5.209 Thread 0x0000023ce2be6490  330       1       java.lang.invoke.MethodType$ConcurrentWeakInternSet$WeakEntry::hashCode (5 bytes)
Event: 5.209 Thread 0x0000023ce2be6490 nmethod 330 0x0000023ccf2dd910 code [0x0000023ccf2ddaa0, 0x0000023ccf2ddb58]
Event: 5.212 Thread 0x0000023ce2be6490  334       3       java.lang.Number::<init> (5 bytes)
Event: 5.212 Thread 0x0000023ce2be6490 nmethod 334 0x0000023cc785b410 code [0x0000023cc785b5c0, 0x0000023cc785b718]
Event: 5.212 Thread 0x0000023ce2be6490  335       3       java.lang.Byte::<init> (10 bytes)
Event: 5.212 Thread 0x0000023ce2be6490 nmethod 335 0x0000023cc785b810 code [0x0000023cc785b9c0, 0x0000023cc785bb98]
Event: 5.217 Thread 0x0000023ce2be6490  336       3       java.util.HashMap::putVal (300 bytes)

GC Heap History (0 events):
No events

Dll operation events (7 events):
Event: 0.187 Loaded shared library C:\Program Files\Java\jdk-19\bin\java.dll
Event: 0.271 Loaded shared library C:\Program Files\Java\jdk-19\bin\jsvml.dll
Event: 1.250 Loaded shared library C:\Program Files\Java\jdk-19\bin\zip.dll
Event: 1.349 Loaded shared library C:\Program Files\Java\jdk-19\bin\instrument.dll
Event: 1.427 Loaded shared library C:\Program Files\Java\jdk-19\bin\net.dll
Event: 1.430 Loaded shared library C:\Program Files\Java\jdk-19\bin\nio.dll
Event: 1.511 Loaded shared library C:\Program Files\Java\jdk-19\bin\zip.dll

Deoptimization events (12 events):
Event: 3.407 Thread 0x0000023cbf88f4b0 DEOPT PACKING pc=0x0000023cc78009ea sp=0x000000bdc85fe260
Event: 3.407 Thread 0x0000023cbf88f4b0 DEOPT UNPACKING pc=0x0000023cced87543 sp=0x000000bdc85fd680 mode 0
Event: 3.743 Thread 0x0000023cbf88f4b0 Uncommon trap: trap_request=0xffffff45 fr.pc=0x0000023ccf2d33b8 relative=0x0000000000000198
Event: 3.743 Thread 0x0000023cbf88f4b0 Uncommon trap: reason=unstable_if action=reinterpret pc=0x0000023ccf2d33b8 method=java.util.zip.ZipFile$Source.isMetaName([BII)Z @ 43 c2
Event: 3.743 Thread 0x0000023cbf88f4b0 DEOPT PACKING pc=0x0000023ccf2d33b8 sp=0x000000bdc85fe480
Event: 3.744 Thread 0x0000023cbf88f4b0 DEOPT UNPACKING pc=0x0000023cced86da3 sp=0x000000bdc85fe428 mode 2
Event: 4.361 Thread 0x0000023cbf88f4b0 DEOPT PACKING pc=0x0000023cc77f88d5 sp=0x000000bdc85fe630
Event: 4.361 Thread 0x0000023cbf88f4b0 DEOPT UNPACKING pc=0x0000023cced87543 sp=0x000000bdc85fdaa8 mode 0
Event: 5.191 Thread 0x0000023cbf88f4b0 Uncommon trap: trap_request=0xffffff45 fr.pc=0x0000023ccf2ce52c relative=0x000000000000098c
Event: 5.191 Thread 0x0000023cbf88f4b0 Uncommon trap: reason=unstable_if action=reinterpret pc=0x0000023ccf2ce52c method=java.util.HashMap.putVal(ILjava/lang/Object;Ljava/lang/Object;ZZ)Ljava/lang/Object; @ 181 c2
Event: 5.191 Thread 0x0000023cbf88f4b0 DEOPT PACKING pc=0x0000023ccf2ce52c sp=0x000000bdc85fe630
Event: 5.191 Thread 0x0000023cbf88f4b0 DEOPT UNPACKING pc=0x0000023cced86da3 sp=0x000000bdc85fe5f0 mode 2

Classes loaded (20 events):
Event: 5.212 Loading class java/security/cert/X509Extension done
Event: 5.212 Loading class java/security/cert/X509Certificate done
Event: 5.215 Loading class sun/security/util/Cache$EqualByteArray
Event: 5.215 Loading class sun/security/util/Cache$EqualByteArray done
Event: 5.215 Loading class sun/security/x509/X509CertImpl
Event: 5.216 Loading class sun/security/x509/X509CertImpl done
Event: 5.216 Loading class sun/security/x509/X509CertInfo
Event: 5.216 Loading class sun/security/x509/CertAttrSet
Event: 5.216 Loading class sun/security/x509/CertAttrSet done
Event: 5.216 Loading class sun/security/x509/X509CertInfo done
Event: 5.217 Loading class sun/security/x509/CertificateVersion
Event: 5.217 Loading class sun/security/x509/CertificateVersion done
Event: 5.217 Loading class sun/security/x509/CertificateSerialNumber
Event: 5.217 Loading class sun/security/x509/CertificateSerialNumber done
Event: 5.217 Loading class sun/security/x509/SerialNumber
Event: 5.217 Loading class sun/security/x509/SerialNumber done
Event: 5.217 Loading class sun/security/x509/CertificateAlgorithmId
Event: 5.217 Loading class sun/security/x509/CertificateAlgorithmId done
Event: 5.217 Loading class sun/security/x509/X500Name
Event: 5.218 Loading class sun/security/x509/GeneralNameInterface

Classes unloaded (0 events):
No events

Classes redefined (0 events):
No events

Internal exceptions (0 events):
No events

VM Operations (8 events):
Event: 0.972 Executing VM operation: HandshakeAllThreads
Event: 0.972 Executing VM operation: HandshakeAllThreads done
Event: 1.055 Executing VM operation: ChangeBreakpoints
Event: 1.055 Executing VM operation: ChangeBreakpoints done
Event: 1.062 Executing VM operation: ChangeBreakpoints
Event: 1.062 Executing VM operation: ChangeBreakpoints done
Event: 2.063 Executing VM operation: Cleanup
Event: 2.211 Executing VM operation: Cleanup done

Events (14 events):
Event: 0.272 Thread 0x0000023cbf88f4b0 Thread added: 0x0000023cbf88f4b0
Event: 0.525 Thread 0x0000023ce2bc8350 Thread added: 0x0000023ce2bc8350
Event: 0.525 Thread 0x0000023ce2bc97c0 Thread added: 0x0000023ce2bc97c0
Event: 0.525 Thread 0x0000023ce2bcc300 Thread added: 0x0000023ce2bcc300
Event: 0.525 Thread 0x0000023ce2bcf5f0 Thread added: 0x0000023ce2bcf5f0
Event: 0.525 Thread 0x0000023ce2bd2130 Thread added: 0x0000023ce2bd2130
Event: 0.526 Thread 0x0000023ce2bd5620 Thread added: 0x0000023ce2bd5620
Event: 0.526 Thread 0x0000023ce2bd6280 Thread added: 0x0000023ce2bd6280
Event: 0.527 Thread 0x0000023ce2be6490 Thread added: 0x0000023ce2be6490
Event: 0.528 Thread 0x0000023ce2bef730 Thread added: 0x0000023ce2bef730
Event: 0.958 Thread 0x0000023ce70d0500 Thread added: 0x0000023ce70d0500
Event: 1.027 Thread 0x0000023ce71fc350 Thread added: 0x0000023ce71fc350
Event: 1.027 Thread 0x0000023ce7245150 Thread added: 0x0000023ce7245150
Event: 1.055 Thread 0x0000023ce7247a30 Thread added: 0x0000023ce7247a30


Dynamic libraries:
0x00007ff639110000 - 0x00007ff639120000 	C:\Program Files\Java\jdk-19\bin\javaw.exe
0x00007ffb59610000 - 0x00007ffb59824000 	C:\WINDOWS\SYSTEM32\ntdll.dll
0x00007ffb58470000 - 0x00007ffb58532000 	C:\WINDOWS\System32\KERNEL32.DLL
0x00007ffb56c70000 - 0x00007ffb57013000 	C:\WINDOWS\System32\KERNELBASE.dll
0x00007ffb57250000 - 0x00007ffb57361000 	C:\WINDOWS\System32\ucrtbase.dll
0x00007ffb41df0000 - 0x00007ffb41e08000 	C:\Program Files\Java\jdk-19\bin\jli.dll
0x00007ffb57600000 - 0x00007ffb576ae000 	C:\WINDOWS\System32\ADVAPI32.dll
0x00007ffb58dc0000 - 0x00007ffb58e67000 	C:\WINDOWS\System32\msvcrt.dll
0x00007ffb57ba0000 - 0x00007ffb57c44000 	C:\WINDOWS\System32\sechost.dll
0x00007ffb57430000 - 0x00007ffb57547000 	C:\WINDOWS\System32\RPCRT4.dll
0x00007ffb41dd0000 - 0x00007ffb41deb000 	C:\Program Files\Java\jdk-19\bin\VCRUNTIME140.dll
0x00007ffb57900000 - 0x00007ffb57aab000 	C:\WINDOWS\System32\USER32.dll
0x00007ffb56c40000 - 0x00007ffb56c66000 	C:\WINDOWS\System32\win32u.dll
0x00007ffb576b0000 - 0x00007ffb576d9000 	C:\WINDOWS\System32\GDI32.dll
0x00007ffb56b20000 - 0x00007ffb56c38000 	C:\WINDOWS\System32\gdi32full.dll
0x00007ffb57370000 - 0x00007ffb5740a000 	C:\WINDOWS\System32\msvcp_win.dll
0x00007ffb25db0000 - 0x00007ffb2603e000 	C:\WINDOWS\WinSxS\amd64_microsoft.windows.common-controls_6595b64144ccf1df_6.0.22621.1635_none_270f70857386168e\COMCTL32.dll
0x00007ffb48670000 - 0x00007ffb4867a000 	C:\WINDOWS\SYSTEM32\VERSION.dll
0x00007ffb59590000 - 0x00007ffb595c1000 	C:\WINDOWS\System32\IMM32.DLL
0x00007ffb41b40000 - 0x00007ffb41b4c000 	C:\Program Files\Java\jdk-19\bin\vcruntime140_1.dll
0x00007ffb0e6f0000 - 0x00007ffb0e77e000 	C:\Program Files\Java\jdk-19\bin\msvcp140.dll
0x00007ffafec80000 - 0x00007ffaff940000 	C:\Program Files\Java\jdk-19\bin\server\jvm.dll
0x00007ffb349d0000 - 0x00007ffb349d9000 	C:\WINDOWS\SYSTEM32\WSOCK32.dll
0x00007ffb58540000 - 0x00007ffb585b1000 	C:\WINDOWS\System32\WS2_32.dll
0x00007ffb4ce90000 - 0x00007ffb4cec4000 	C:\WINDOWS\SYSTEM32\WINMM.dll
0x00007ffb55a80000 - 0x00007ffb55a98000 	C:\WINDOWS\SYSTEM32\kernel.appcore.dll
0x00007ffb41a40000 - 0x00007ffb41a4a000 	C:\Program Files\Java\jdk-19\bin\jimage.dll
0x00007ffb54400000 - 0x00007ffb5462e000 	C:\WINDOWS\SYSTEM32\DBGHELP.DLL
0x00007ffb59100000 - 0x00007ffb59489000 	C:\WINDOWS\System32\combase.dll
0x00007ffb57cb0000 - 0x00007ffb57d87000 	C:\WINDOWS\System32\OLEAUT32.dll
0x00007ffb37d80000 - 0x00007ffb37db2000 	C:\WINDOWS\SYSTEM32\dbgcore.DLL
0x00007ffb56aa0000 - 0x00007ffb56b1b000 	C:\WINDOWS\System32\bcryptPrimitives.dll
0x00007ffb40780000 - 0x00007ffb407bc000 	C:\Program Files\Java\jdk-19\bin\jdwp.dll
0x00007ffb41a30000 - 0x00007ffb41a3e000 	C:\Program Files\Java\jdk-19\bin\instrument.dll
0x00007ffb40750000 - 0x00007ffb40776000 	C:\Program Files\Java\jdk-19\bin\java.dll
0x00007ffb0b100000 - 0x00007ffb0b1d7000 	C:\Program Files\Java\jdk-19\bin\jsvml.dll
0x00007ffb585c0000 - 0x00007ffb58dba000 	C:\WINDOWS\System32\SHELL32.dll
0x00007ffb54a30000 - 0x00007ffb552fe000 	C:\WINDOWS\SYSTEM32\windows.storage.dll
0x00007ffb548f0000 - 0x00007ffb54a2e000 	C:\WINDOWS\SYSTEM32\wintypes.dll
0x00007ffb576e0000 - 0x00007ffb577d1000 	C:\WINDOWS\System32\SHCORE.dll
0x00007ffb57ab0000 - 0x00007ffb57b0e000 	C:\WINDOWS\System32\shlwapi.dll
0x00007ffb56960000 - 0x00007ffb56981000 	C:\WINDOWS\SYSTEM32\profapi.dll
0x00007ffb41920000 - 0x00007ffb4192c000 	C:\Program Files\Java\jdk-19\bin\dt_socket.dll
0x00007ffb55560000 - 0x00007ffb5558d000 	C:\WINDOWS\SYSTEM32\IPHLPAPI.DLL
0x00007ffb55ef0000 - 0x00007ffb55f59000 	C:\WINDOWS\system32\mswsock.dll
0x00007ffb55590000 - 0x00007ffb55683000 	C:\WINDOWS\SYSTEM32\DNSAPI.dll
0x00007ffb590f0000 - 0x00007ffb590f9000 	C:\WINDOWS\System32\NSI.dll
0x00007ffb4ce60000 - 0x00007ffb4ce6a000 	C:\Windows\System32\rasadhlp.dll
0x00007ffb48510000 - 0x00007ffb48594000 	C:\WINDOWS\System32\fwpuclnt.dll
0x00007ffb40bb0000 - 0x00007ffb40bc8000 	C:\Program Files\Java\jdk-19\bin\zip.dll
0x00007ffb3fbd0000 - 0x00007ffb3fbe3000 	C:\Program Files\Java\jdk-19\bin\net.dll
0x00007ffb4efb0000 - 0x00007ffb4f0e7000 	C:\WINDOWS\SYSTEM32\WINHTTP.dll
0x00007ffb3fbb0000 - 0x00007ffb3fbc6000 	C:\Program Files\Java\jdk-19\bin\nio.dll

dbghelp: loaded successfully - version: 4.0.5 - missing functions: none
symbol engine: initialized successfully - sym options: 0x614 - pdb path: .;C:\Program Files\Java\jdk-19\bin;C:\WINDOWS\SYSTEM32;C:\WINDOWS\WinSxS\amd64_microsoft.windows.common-controls_6595b64144ccf1df_6.0.22621.1635_none_270f70857386168e;C:\Program Files\Java\jdk-19\bin\server

VM Arguments:
jvm_args: -XX:+ShowCodeDetailsInExceptionMessages -agentlib:jdwp=transport=dt_socket,suspend=y,address=localhost:54854 -javaagent:C:\Users\chait\eclipse\java-2021-06\eclipse\configuration\org.eclipse.osgi\222\0\.cp\lib\javaagent-shaded.jar -Dfile.encoding=UTF-8 
java_command: com.arraybasedprograms.ArrayIntialize
java_class_path (initial): C:\Users\chait\eclipse-workspace\MyWorkspace\SampleProject\target\classes;C:\Users\chait\.p2\pool\plugins\org.testng_7.4.0.r202105021533.jar;C:\Users\chait\.p2\pool\plugins\com.beust.jcommander_1.78.0.jar;C:\Users\chait\.p2\pool\plugins\org.apache-extras.beanshell.bsh_2.0.0.b6.jar;C:\Users\chait\.p2\pool\plugins\org.yaml.snakeyaml_1.21.0.jar;C:\Users\chait\.p2\pool\plugins\org.webjars.jquery_3.5.1.jar;C:\Java-Selenium\poi-5.0.0\lib\commons-codec-1.15.jar;C:\Java-Selenium\poi-5.0.0\lib\commons-collections4-4.4.jar;C:\Java-Selenium\poi-5.0.0\lib\commons-math3-3.6.1.jar;C:\Java-Selenium\poi-5.0.0\lib\SparseBitSet-1.2.jar;C:\Java-Selenium\poi-5.0.0\poi-5.0.0.jar;C:\Java-Selenium\poi-5.0.0\poi-examples-5.0.0.jar;C:\Java-Selenium\poi-5.0.0\poi-excelant-5.0.0.jar;C:\Java-Selenium\poi-5.0.0\poi-integration-5.0.0.jar;C:\Java-Selenium\poi-5.0.0\poi-ooxml-5.0.0.jar;C:\Java-Selenium\poi-5.0.0\poi-ooxml-full-5.0.0.jar;C:\Java-Selenium\poi-5.0.0\poi-ooxml-lite-5.0.0.jar;C:\Java-Selenium\poi-5.0.0\poi-scratchpad-5.0.0.jar;C:\Java-Selenium\poi-5.0.0\ooxml-lib\commons-compress-1.20.jar;C:\Java-Selenium\poi-5.0.0\ooxml-lib\curvesapi-1.06.jar;C:\Java-Selenium\poi-5.0.0\ooxml-lib\xmlbeans-4.0.0.jar;C:\Users\chait\.m2\repository\org\seleniumhq\selenium\selenium-java\2.53.0\selenium-java-2.53.0.jar;C:\Users\chait\.m2\repository\org\seleniumhq\selenium\selenium-edge-driver\2.53.0\selenium-edge-driver-2.53.0.jar;C:\Users\chait\.m2\repository\org\seleniumhq\selenium\selenium-safari-driver\2.53.0\selenium-safari-driver-2.53.0.jar;C:\Users\chait\.m2\repository\io\netty\netty\3.5.7.Final\netty-3.5.7.Final.jar;C:\Users\chait\.m2\repository\org\seleniumhq\selenium\selenium-support\2.53.0\selenium-support-2.53.0.jar;C:\Users\chait\.m2\repository\org\seleniumhq\selenium\selenium-leg-rc\2.53.0\selenium-leg-rc-2.53.0.jar;C:\Users\chait\.m2\repository\org\seleniumhq\selenium\selenium-firefox-driver\2.53.0\selenium-firefox-driver-2.53.0.jar;C:\Users\chait\.m2\repository\org\seleniumhq\selenium\selenium-remote-driver\2.53.0\selenium-remote-driver-2.53.0.jar;C:\Users\chait\.m2\repository\cglib\cglib-nodep\2.1_3\cglib-nodep-2.1_3.jar;C:\Users\chait\.m2\repository\com\google\code\gson\gson\2.3.1\gson-2.3.1.jar;C:\Users\chait\.m2\repository\org\seleniumhq\selenium\selenium-api\2.53.0\selenium-api-2.53.0.jar;C:\Users\chait\.m2\repository\com\google\guava\guava\19.0\guava-19.0.jar;C:\Users\chait\.m2\repository\commons-io\commons-io\2.4\commons-io-2.4.jar;C:\Users\chait\.m2\repository\org\apache\commons\commons-exec\1.3\commons-exec-1.3.jar;C:\Users\chait\.m2\repository\org\seleniumhq\selenium\selenium-ie-driver\2.53.0\selenium-ie-driver-2.53.0.jar;C:\Users\chait\.m2\repository\net\java\dev\jna\jna\4.1.0\jna-4.1.0.jar;C:\Users\chait\.m2\repository\net\java\dev\jna\jna-platform\4.1.0\jna-platform-4.1.0.jar;C:\Users\chait\.m2\repository\org\seleniumhq\selenium\selenium-chrome-driver\2.53.0\selenium-chrome-driver-2.53.0.jar;C:\Users\chait\.m2\repository\xml-apis\xml-apis\1.4.01\xml-apis-1.4.01.jar;C:\Users\chait\.m2\repository\io\rest-assured\rest-assured\4.4.0\rest-assured-4.4.0.jar;C:\Users\chait\.m2\repository\org\codehaus\groovy\groovy\3.0.8\groovy-3.0.8.jar;C:\Users\chait\.m2\repository\org\codehaus\groovy\groovy-xml\3.0.8\groovy-xml-3.0.8.jar;C:\Users\chait\.m2\repository\org\apache\httpcomponents\httpclient\4.5.13\httpclient-4.5.13.jar;C:\Users\chait\.m2\repository\org\apache\httpcomponents\httpcore\4.4.13\httpcore-4.4.13.jar;C:\Users\chait\.m2\repository\commons-logging\commons-logging\1.2\commons-logging-1.2.jar;C:\Users\chait\.m2\repository\commons-codec\commons-codec\1.11\commons-codec-1.11.jar;C:\Users\chait\.m2\repository\org\apache\httpcomponents\httpmime\4.5.13\httpmime-4.5.13.jar;C:\Users\chait\.m2\repository\org\hamcrest\hamcrest\2.1\hamcrest-2.1.jar;C:\Users\chait\.m2\repository\org\ccil\cowan\tagsoup\tagsoup\1.2.1\tagsoup-1.2.1.jar;C:\Users\chait\.m2\repository\io\rest-assured\json-path\4.4.0\json-path-4.4.0.jar;C:\Users\chait\.m2\repository\org\codehaus\groovy\groovy-json\3.0.8\groovy-json-3.0.8.jar;C:\Users\chait\.m2\repository\io\rest-assured\rest-assured-common\4.4.0\rest-assured-common-4.4.0.jar;C:\Users\chait\.m2\repository\io\rest-assured\xml-path\4.4.0\xml-path-4.4.0.jar;C:\Users\chait\.m2\repository\org\apache\commons\commons-lang3\3.11\commons-lang3-3.11.jar;C:\Users\chait\.m2\repository\jakarta\xml\bind\jakarta.xml.bind-api\2.3.3\jakarta.xml.bind-api-2.3.3.jar;C:\Users\chait\.m2\repository\jakarta\activation\jakarta.activation-api\1.2.2\jakarta.activation-api-1.2.2.jar;C:\Users\chait\.m2\repository\com\sun\xml\bind\jaxb-impl\2.3.3\jaxb-impl-2.3.3.jar
Launcher Type: SUN_STANDARD

[Global flags]
     intx CICompilerCount                          = 4                                         {product} {ergonomic}
     uint ConcGCThreads                            = 2                                         {product} {ergonomic}
     uint G1ConcRefinementThreads                  = 8                                         {product} {ergonomic}
   size_t G1HeapRegionSize                         = 2097152                                   {product} {ergonomic}
    uintx GCDrainStackTargetSize                   = 64                                        {product} {ergonomic}
   size_t InitialHeapSize                          = 266338304                                 {product} {ergonomic}
   size_t MarkStackSize                            = 4194304                                   {product} {ergonomic}
   size_t MaxHeapSize                              = 4244635648                                {product} {ergonomic}
   size_t MaxNewSize                               = 2545942528                                {product} {ergonomic}
   size_t MinHeapDeltaBytes                        = 2097152                                   {product} {ergonomic}
   size_t MinHeapSize                              = 8388608                                   {product} {ergonomic}
    uintx NonNMethodCodeHeapSize                   = 5839372                                {pd product} {ergonomic}
    uintx NonProfiledCodeHeapSize                  = 122909434                              {pd product} {ergonomic}
    uintx ProfiledCodeHeapSize                     = 122909434                              {pd product} {ergonomic}
    uintx ReservedCodeCacheSize                    = 251658240                              {pd product} {ergonomic}
     bool SegmentedCodeCache                       = true                                      {product} {ergonomic}
     bool ShowCodeDetailsInExceptionMessages       = true                                   {manageable} {command line}
   size_t SoftMaxHeapSize                          = 4244635648                             {manageable} {ergonomic}
     bool UseCompressedClassPointers               = true                           {product lp64_product} {ergonomic}
     bool UseCompressedOops                        = true                           {product lp64_product} {ergonomic}
     bool UseG1GC                                  = true                                      {product} {ergonomic}
     bool UseLargePagesIndividualAllocation        = false                                  {pd product} {ergonomic}

Logging:
Log output configuration:
 #0: stdout all=warning uptime,level,tags foldmultilines=false
 #1: stderr all=off uptime,level,tags foldmultilines=false

Environment Variables:
JAVA_HOME=C:\Program Files\Java\jdk-20
PATH=C:\Program Files\Common Files\Oracle\Java\javapath;C:\Program Files (x86)\Intel\Intel(R) Management Engine Components\iCLS\;C:\Program Files\Intel\Intel(R) Management Engine Components\iCLS\;C:\WINDOWS\system32;C:\WINDOWS;C:\WINDOWS\System32\Wbem;C:\WINDOWS\System32\WindowsPowerShell\v1.0\;C:\WINDOWS\System32\OpenSSH\;C:\Program Files\Intel\WiFi\bin\;C:\Program Files\Common Files\Intel\WirelessCommon\;C:\Program Files\Microsoft SQL Server\130\Tools\Binn\;C:\Program Files\Microsoft SQL Server\Client SDK\ODBC\170\Tools\Binn\;C:\Program Files\Git\cmd;C:\Program Files\apache-maven-3.8.4\lib;C:\Program Files\apache-maven-3.9.2\bin;C:\Program Files\dotnet\;C:\Program Files\Java\jdk-20\bin;C:\Users\chait\AppData\Local\Microsoft\WindowsApps;;C:\Users\chait\AppData\Local\Programs\Microsoft VS Code\bin;C:\Users\chait\.dotnet\tools
USERNAME=chait
OS=Windows_NT
PROCESSOR_IDENTIFIER=Intel64 Family 6 Model 142 Stepping 11, GenuineIntel
TMP=C:\Users\chait\AppData\Local\Temp
TEMP=C:\Users\chait\AppData\Local\Temp



---------------  S Y S T E M  ---------------

OS:
 Windows 11 , 64 bit Build 22621 (10.0.22621.1635)
OS uptime: 6 days 12:55 hours

CPU: total 8 (initial active 8) (4 cores per cpu, 2 threads per core) family 6 model 142 stepping 11 microcode 0xde, cx8, cmov, fxsr, ht, mmx, 3dnowpref, sse, sse2, sse3, ssse3, sse4.1, sse4.2, popcnt, lzcnt, tsc, tscinvbit, avx, avx2, aes, erms, clmul, bmi1, bmi2, adx, fma, vzeroupper, clflush, clflushopt, rdtscp

Memory: 4k page, system-wide physical 16191M (2035M free)
TotalPageFile size 62673M (AvailPageFile size 121M)
current process WorkingSet (physical memory assigned to process): 46M, peak: 46M
current process commit charge ("private bytes"): 346M, peak: 346M

vm_info: Java HotSpot(TM) 64-Bit Server VM (19.0.2+7-44) for windows-amd64 JRE (19.0.2+7-44), built on 2022-11-30T18:02:09Z by "mach5one" with MS VC++ 17.1 (VS2022)

END.
